{"/Users/advanderveer/Documents/Personal/Javascript/station.js/signal.js/src/collection.js":{"path":"/Users/advanderveer/Documents/Personal/Javascript/station.js/signal.js/src/collection.js","s":{"1":1,"2":21,"3":21,"4":21,"5":60,"6":60,"7":60,"8":21,"9":17,"10":51,"11":17,"12":21,"13":1,"14":1,"15":3,"16":1,"17":3,"18":1,"19":21,"20":1,"21":1,"22":3,"23":1,"24":21,"25":60,"26":1,"27":59,"28":59,"29":1,"30":58,"31":58,"32":21,"33":2,"34":21,"35":21,"36":21,"37":13,"38":13,"39":21,"40":14,"41":21,"42":16,"43":1},"b":{"1":[1,2],"2":[1,59],"3":[1,58],"4":[59,23],"5":[4,9],"6":[16,5]},"f":{"1":21,"2":60,"3":17,"4":51,"5":1,"6":3,"7":1,"8":3,"9":60,"10":2,"11":21,"12":13,"13":14},"fnMap":{"1":{"name":"Collection","line":1,"loc":{"start":{"line":1,"column":17},"end":{"line":1,"column":43}}},"2":{"name":"(anonymous_2)","line":5,"loc":{"start":{"line":5,"column":22},"end":{"line":5,"column":37}}},"3":{"name":"build","line":19,"loc":{"start":{"line":19,"column":15},"end":{"line":19,"column":36}}},"4":{"name":"(anonymous_4)","line":20,"loc":{"start":{"line":20,"column":30},"end":{"line":20,"column":44}}},"5":{"name":"addCollection","line":36,"loc":{"start":{"line":36,"column":23},"end":{"line":36,"column":52}}},"6":{"name":"(anonymous_6)","line":40,"loc":{"start":{"line":40,"column":32},"end":{"line":40,"column":46}}},"7":{"name":"addPrefix","line":55,"loc":{"start":{"line":55,"column":19},"end":{"line":55,"column":46}}},"8":{"name":"(anonymous_8)","line":60,"loc":{"start":{"line":60,"column":32},"end":{"line":60,"column":46}}},"9":{"name":"add","line":76,"loc":{"start":{"line":76,"column":13},"end":{"line":76,"column":39}}},"10":{"name":"remove","line":96,"loc":{"start":{"line":96,"column":16},"end":{"line":96,"column":38}}},"11":{"name":"get","line":107,"loc":{"start":{"line":107,"column":13},"end":{"line":107,"column":32}}},"12":{"name":"has","line":118,"loc":{"start":{"line":118,"column":13},"end":{"line":118,"column":32}}},"13":{"name":"all","line":129,"loc":{"start":{"line":129,"column":13},"end":{"line":129,"column":28}}}},"statementMap":{"1":{"start":{"line":1,"column":0},"end":{"line":137,"column":2}},"2":{"start":{"line":2,"column":2},"end":{"line":2,"column":18}},"3":{"start":{"line":3,"column":2},"end":{"line":3,"column":18}},"4":{"start":{"line":5,"column":2},"end":{"line":9,"column":4}},"5":{"start":{"line":6,"column":4},"end":{"line":6,"column":55}},"6":{"start":{"line":7,"column":4},"end":{"line":7,"column":55}},"7":{"start":{"line":8,"column":4},"end":{"line":8,"column":16}},"8":{"start":{"line":19,"column":2},"end":{"line":25,"column":4}},"9":{"start":{"line":20,"column":4},"end":{"line":22,"column":7}},"10":{"start":{"line":21,"column":6},"end":{"line":21,"column":33}},"11":{"start":{"line":24,"column":4},"end":{"line":24,"column":16}},"12":{"start":{"line":36,"column":2},"end":{"line":48,"column":4}},"13":{"start":{"line":39,"column":4},"end":{"line":39,"column":28}},"14":{"start":{"line":40,"column":4},"end":{"line":45,"column":7}},"15":{"start":{"line":41,"column":6},"end":{"line":42,"column":26}},"16":{"start":{"line":42,"column":8},"end":{"line":42,"column":26}},"17":{"start":{"line":44,"column":6},"end":{"line":44,"column":35}},"18":{"start":{"line":47,"column":4},"end":{"line":47,"column":16}},"19":{"start":{"line":55,"column":2},"end":{"line":65,"column":4}},"20":{"start":{"line":58,"column":4},"end":{"line":58,"column":35}},"21":{"start":{"line":60,"column":4},"end":{"line":62,"column":7}},"22":{"start":{"line":61,"column":6},"end":{"line":61,"column":55}},"23":{"start":{"line":64,"column":4},"end":{"line":64,"column":16}},"24":{"start":{"line":76,"column":2},"end":{"line":88,"column":4}},"25":{"start":{"line":78,"column":4},"end":{"line":79,"column":90}},"26":{"start":{"line":79,"column":6},"end":{"line":79,"column":90}},"27":{"start":{"line":81,"column":4},"end":{"line":81,"column":49}},"28":{"start":{"line":83,"column":4},"end":{"line":84,"column":115}},"29":{"start":{"line":84,"column":6},"end":{"line":84,"column":115}},"30":{"start":{"line":86,"column":4},"end":{"line":86,"column":25}},"31":{"start":{"line":87,"column":4},"end":{"line":87,"column":16}},"32":{"start":{"line":96,"column":2},"end":{"line":98,"column":4}},"33":{"start":{"line":97,"column":4},"end":{"line":97,"column":24}},"34":{"start":{"line":107,"column":2},"end":{"line":109,"column":4}},"35":{"start":{"line":108,"column":4},"end":{"line":108,"column":24}},"36":{"start":{"line":118,"column":2},"end":{"line":121,"column":4}},"37":{"start":{"line":119,"column":4},"end":{"line":119,"column":29}},"38":{"start":{"line":120,"column":4},"end":{"line":120,"column":48}},"39":{"start":{"line":129,"column":2},"end":{"line":131,"column":4}},"40":{"start":{"line":130,"column":4},"end":{"line":130,"column":18}},"41":{"start":{"line":134,"column":2},"end":{"line":135,"column":21}},"42":{"start":{"line":135,"column":4},"end":{"line":135,"column":21}},"43":{"start":{"line":139,"column":0},"end":{"line":139,"column":28}}},"branchMap":{"1":{"line":41,"type":"if","locations":[{"start":{"line":41,"column":6},"end":{"line":41,"column":6}},{"start":{"line":41,"column":6},"end":{"line":41,"column":6}}]},"2":{"line":78,"type":"if","locations":[{"start":{"line":78,"column":4},"end":{"line":78,"column":4}},{"start":{"line":78,"column":4},"end":{"line":78,"column":4}}]},"3":{"line":83,"type":"if","locations":[{"start":{"line":83,"column":4},"end":{"line":83,"column":4}},{"start":{"line":83,"column":4},"end":{"line":83,"column":4}}]},"4":{"line":83,"type":"binary-expr","locations":[{"start":{"line":83,"column":7},"end":{"line":83,"column":35}},{"start":{"line":83,"column":39},"end":{"line":83,"column":73}}]},"5":{"line":120,"type":"cond-expr","locations":[{"start":{"line":120,"column":34},"end":{"line":120,"column":39}},{"start":{"line":120,"column":42},"end":{"line":120,"column":46}}]},"6":{"line":134,"type":"if","locations":[{"start":{"line":134,"column":2},"end":{"line":134,"column":2}},{"start":{"line":134,"column":2},"end":{"line":134,"column":2}}]}}},"/Users/advanderveer/Documents/Personal/Javascript/station.js/signal.js/src/signal.js":{"path":"/Users/advanderveer/Documents/Personal/Javascript/station.js/signal.js/src/signal.js","s":{"1":1,"2":14,"3":14,"4":14,"5":14,"6":10,"7":10,"8":10,"9":10,"10":46,"11":14,"12":32,"13":32,"14":32,"15":9,"16":23,"17":23,"18":14,"19":9,"20":17,"21":17,"22":10,"23":9,"24":7,"25":11,"26":9,"27":9,"28":9,"29":10,"30":1,"31":9,"32":14,"33":6,"34":1,"35":5,"36":5,"37":3,"38":3,"39":2,"40":5,"41":5,"42":11,"43":1,"44":4,"45":4,"46":4,"47":4,"48":4,"49":17,"50":9,"51":7,"52":1,"53":6,"54":6,"55":8,"56":8,"57":3,"58":14,"59":45,"60":45,"61":45,"62":45,"63":45,"64":45,"65":268,"66":45,"67":89,"68":39,"69":50,"70":50,"71":21,"72":29,"73":45,"74":45,"75":43,"76":101,"77":101,"78":101,"79":101,"80":101,"81":101,"82":49,"83":52,"84":14,"85":101,"86":101,"87":88,"88":88,"89":88,"90":88,"91":88,"92":101,"93":101,"94":45,"95":15,"96":45,"97":45,"98":164,"99":29,"100":29,"101":45,"102":45,"103":179,"104":179,"105":78,"106":101,"107":8,"108":93,"109":93,"110":33,"111":33,"112":33,"113":33,"114":33,"115":21,"116":93,"117":45,"118":45,"119":179,"120":45,"121":1},"b":{"1":[14,32],"2":[9,23],"3":[32,17],"4":[14,9],"5":[10,7],"6":[7,2],"7":[9,2],"8":[1,9],"9":[1,5],"10":[3,2],"11":[2,1],"12":[1,10],"13":[2,2],"14":[9,8],"15":[7,2],"16":[9,2,2,2],"17":[1,6],"18":[39,50],"19":[21,29],"20":[43,2],"21":[100,1],"22":[87,14],"23":[49,52],"24":[101,87],"25":[14,38],"26":[52,14],"27":[36,65],"28":[88,13],"29":[46,42],"30":[1,87],"31":[88,43],"32":[87,14],"33":[15,30],"34":[29,135],"35":[164,89],"36":[78,101],"37":[8,93],"38":[101,17],"39":[33,60],"40":[21,12],"41":[28,17]},"f":{"1":14,"2":10,"3":46,"4":17,"5":11,"6":6,"7":3,"8":11,"9":17,"10":45,"11":268,"12":89,"13":101,"14":179,"15":179},"fnMap":{"1":{"name":"Signal","line":1,"loc":{"start":{"line":1,"column":13},"end":{"line":1,"column":41}}},"2":{"name":"(anonymous_2)","line":19,"loc":{"start":{"line":19,"column":15},"end":{"line":19,"column":29}}},"3":{"name":"(anonymous_3)","line":24,"loc":{"start":{"line":24,"column":32},"end":{"line":24,"column":46}}},"4":{"name":"(anonymous_4)","line":41,"loc":{"start":{"line":41,"column":46},"end":{"line":41,"column":60}}},"5":{"name":"(anonymous_5)","line":50,"loc":{"start":{"line":50,"column":44},"end":{"line":50,"column":57}}},"6":{"name":"(anonymous_6)","line":73,"loc":{"start":{"line":73,"column":18},"end":{"line":73,"column":45}}},"7":{"name":"(anonymous_7)","line":80,"loc":{"start":{"line":80,"column":42},"end":{"line":80,"column":55}}},"8":{"name":"(anonymous_8)","line":87,"loc":{"start":{"line":87,"column":44},"end":{"line":87,"column":57}}},"9":{"name":"(anonymous_9)","line":96,"loc":{"start":{"line":96,"column":19},"end":{"line":96,"column":34}}},"10":{"name":"(anonymous_10)","line":129,"loc":{"start":{"line":129,"column":17},"end":{"line":129,"column":33}}},"11":{"name":"(anonymous_11)","line":138,"loc":{"start":{"line":138,"column":22},"end":{"line":138,"column":36}}},"12":{"name":"(anonymous_12)","line":143,"loc":{"start":{"line":143,"column":21},"end":{"line":143,"column":35}}},"13":{"name":"(anonymous_13)","line":156,"loc":{"start":{"line":156,"column":22},"end":{"line":156,"column":40}}},"14":{"name":"(anonymous_14)","line":203,"loc":{"start":{"line":203,"column":24},"end":{"line":203,"column":63}}},"15":{"name":"(anonymous_15)","line":232,"loc":{"start":{"line":232,"column":19},"end":{"line":232,"column":37}}}},"statementMap":{"1":{"start":{"line":1,"column":0},"end":{"line":244,"column":2}},"2":{"start":{"line":2,"column":2},"end":{"line":2,"column":18}},"3":{"start":{"line":4,"column":2},"end":{"line":4,"column":35}},"4":{"start":{"line":10,"column":2},"end":{"line":10,"column":31}},"5":{"start":{"line":19,"column":2},"end":{"line":63,"column":4}},"6":{"start":{"line":20,"column":4},"end":{"line":20,"column":39}},"7":{"start":{"line":21,"column":4},"end":{"line":21,"column":24}},"8":{"start":{"line":22,"column":4},"end":{"line":22,"column":24}},"9":{"start":{"line":24,"column":4},"end":{"line":58,"column":7}},"10":{"start":{"line":25,"column":6},"end":{"line":26,"column":15}},"11":{"start":{"line":26,"column":8},"end":{"line":26,"column":15}},"12":{"start":{"line":28,"column":6},"end":{"line":28,"column":31}},"13":{"start":{"line":29,"column":6},"end":{"line":29,"column":41}},"14":{"start":{"line":32,"column":6},"end":{"line":34,"column":7}},"15":{"start":{"line":33,"column":8},"end":{"line":33,"column":15}},"16":{"start":{"line":36,"column":6},"end":{"line":36,"column":45}},"17":{"start":{"line":37,"column":6},"end":{"line":38,"column":15}},"18":{"start":{"line":38,"column":8},"end":{"line":38,"column":15}},"19":{"start":{"line":41,"column":6},"end":{"line":46,"column":9}},"20":{"start":{"line":42,"column":8},"end":{"line":42,"column":50}},"21":{"start":{"line":43,"column":8},"end":{"line":45,"column":9}},"22":{"start":{"line":44,"column":10},"end":{"line":44,"column":33}},"23":{"start":{"line":49,"column":6},"end":{"line":54,"column":7}},"24":{"start":{"line":50,"column":8},"end":{"line":53,"column":11}},"25":{"start":{"line":51,"column":10},"end":{"line":52,"column":50}},"26":{"start":{"line":52,"column":12},"end":{"line":52,"column":50}},"27":{"start":{"line":56,"column":6},"end":{"line":56,"column":31}},"28":{"start":{"line":57,"column":6},"end":{"line":57,"column":21}},"29":{"start":{"line":60,"column":4},"end":{"line":61,"column":75}},"30":{"start":{"line":61,"column":6},"end":{"line":61,"column":75}},"31":{"start":{"line":62,"column":4},"end":{"line":62,"column":22}},"32":{"start":{"line":73,"column":2},"end":{"line":118,"column":4}},"33":{"start":{"line":75,"column":4},"end":{"line":76,"column":68}},"34":{"start":{"line":76,"column":6},"end":{"line":76,"column":68}},"35":{"start":{"line":78,"column":4},"end":{"line":78,"column":42}},"36":{"start":{"line":79,"column":4},"end":{"line":84,"column":5}},"37":{"start":{"line":80,"column":6},"end":{"line":83,"column":9}},"38":{"start":{"line":81,"column":8},"end":{"line":82,"column":48}},"39":{"start":{"line":82,"column":10},"end":{"line":82,"column":48}},"40":{"start":{"line":86,"column":4},"end":{"line":86,"column":39}},"41":{"start":{"line":87,"column":4},"end":{"line":90,"column":7}},"42":{"start":{"line":88,"column":6},"end":{"line":89,"column":116}},"43":{"start":{"line":89,"column":8},"end":{"line":89,"column":116}},"44":{"start":{"line":92,"column":4},"end":{"line":92,"column":17}},"45":{"start":{"line":93,"column":4},"end":{"line":93,"column":24}},"46":{"start":{"line":94,"column":4},"end":{"line":94,"column":76}},"47":{"start":{"line":95,"column":4},"end":{"line":95,"column":43}},"48":{"start":{"line":96,"column":4},"end":{"line":114,"column":7}},"49":{"start":{"line":97,"column":6},"end":{"line":112,"column":7}},"50":{"start":{"line":98,"column":8},"end":{"line":107,"column":9}},"51":{"start":{"line":100,"column":10},"end":{"line":102,"column":11}},"52":{"start":{"line":101,"column":12},"end":{"line":101,"column":171}},"53":{"start":{"line":104,"column":10},"end":{"line":104,"column":54}},"54":{"start":{"line":105,"column":10},"end":{"line":105,"column":27}},"55":{"start":{"line":110,"column":8},"end":{"line":110,"column":29}},"56":{"start":{"line":111,"column":8},"end":{"line":111,"column":25}},"57":{"start":{"line":117,"column":4},"end":{"line":117,"column":15}},"58":{"start":{"line":129,"column":2},"end":{"line":242,"column":4}},"59":{"start":{"line":131,"column":4},"end":{"line":131,"column":20}},"60":{"start":{"line":132,"column":4},"end":{"line":132,"column":23}},"61":{"start":{"line":133,"column":4},"end":{"line":133,"column":29}},"62":{"start":{"line":134,"column":4},"end":{"line":134,"column":31}},"63":{"start":{"line":135,"column":4},"end":{"line":135,"column":16}},"64":{"start":{"line":138,"column":4},"end":{"line":140,"column":6}},"65":{"start":{"line":139,"column":8},"end":{"line":139,"column":66}},"66":{"start":{"line":143,"column":4},"end":{"line":152,"column":6}},"67":{"start":{"line":144,"column":6},"end":{"line":145,"column":21}},"68":{"start":{"line":145,"column":8},"end":{"line":145,"column":21}},"69":{"start":{"line":147,"column":6},"end":{"line":147,"column":36}},"70":{"start":{"line":148,"column":6},"end":{"line":149,"column":21}},"71":{"start":{"line":149,"column":8},"end":{"line":149,"column":21}},"72":{"start":{"line":151,"column":6},"end":{"line":151,"column":18}},"73":{"start":{"line":154,"column":4},"end":{"line":154,"column":44}},"74":{"start":{"line":155,"column":4},"end":{"line":186,"column":5}},"75":{"start":{"line":156,"column":6},"end":{"line":185,"column":9}},"76":{"start":{"line":157,"column":8},"end":{"line":157,"column":57}},"77":{"start":{"line":159,"column":8},"end":{"line":159,"column":75}},"78":{"start":{"line":160,"column":8},"end":{"line":160,"column":52}},"79":{"start":{"line":162,"column":8},"end":{"line":162,"column":132}},"80":{"start":{"line":163,"column":8},"end":{"line":163,"column":86}},"81":{"start":{"line":165,"column":8},"end":{"line":169,"column":9}},"82":{"start":{"line":166,"column":10},"end":{"line":166,"column":84}},"83":{"start":{"line":167,"column":15},"end":{"line":169,"column":9}},"84":{"start":{"line":168,"column":10},"end":{"line":168,"column":47}},"85":{"start":{"line":171,"column":8},"end":{"line":171,"column":91}},"86":{"start":{"line":172,"column":8},"end":{"line":180,"column":9}},"87":{"start":{"line":173,"column":10},"end":{"line":173,"column":56}},"88":{"start":{"line":174,"column":10},"end":{"line":174,"column":71}},"89":{"start":{"line":175,"column":10},"end":{"line":175,"column":96}},"90":{"start":{"line":176,"column":10},"end":{"line":176,"column":125}},"91":{"start":{"line":178,"column":10},"end":{"line":178,"column":73}},"92":{"start":{"line":182,"column":8},"end":{"line":182,"column":91}},"93":{"start":{"line":183,"column":8},"end":{"line":183,"column":33}},"94":{"start":{"line":188,"column":4},"end":{"line":190,"column":5}},"95":{"start":{"line":189,"column":6},"end":{"line":189,"column":52}},"96":{"start":{"line":192,"column":4},"end":{"line":192,"column":44}},"97":{"start":{"line":193,"column":4},"end":{"line":200,"column":5}},"98":{"start":{"line":195,"column":6},"end":{"line":199,"column":7}},"99":{"start":{"line":196,"column":8},"end":{"line":196,"column":29}},"100":{"start":{"line":197,"column":8},"end":{"line":197,"column":14}},"101":{"start":{"line":202,"column":4},"end":{"line":202,"column":25}},"102":{"start":{"line":203,"column":4},"end":{"line":229,"column":6}},"103":{"start":{"line":204,"column":6},"end":{"line":204,"column":32}},"104":{"start":{"line":206,"column":6},"end":{"line":227,"column":7}},"105":{"start":{"line":207,"column":8},"end":{"line":207,"column":37}},"106":{"start":{"line":210,"column":8},"end":{"line":226,"column":9}},"107":{"start":{"line":211,"column":10},"end":{"line":211,"column":58}},"108":{"start":{"line":213,"column":10},"end":{"line":213,"column":62}},"109":{"start":{"line":214,"column":10},"end":{"line":224,"column":11}},"110":{"start":{"line":217,"column":12},"end":{"line":217,"column":34}},"111":{"start":{"line":218,"column":12},"end":{"line":218,"column":58}},"112":{"start":{"line":219,"column":12},"end":{"line":219,"column":27}},"113":{"start":{"line":220,"column":12},"end":{"line":220,"column":41}},"114":{"start":{"line":221,"column":12},"end":{"line":223,"column":13}},"115":{"start":{"line":222,"column":14},"end":{"line":222,"column":65}},"116":{"start":{"line":225,"column":10},"end":{"line":225,"column":24}},"117":{"start":{"line":231,"column":4},"end":{"line":231,"column":20}},"118":{"start":{"line":232,"column":4},"end":{"line":234,"column":7}},"119":{"start":{"line":233,"column":6},"end":{"line":233,"column":67}},"120":{"start":{"line":236,"column":4},"end":{"line":241,"column":6}},"121":{"start":{"line":246,"column":0},"end":{"line":246,"column":24}}},"branchMap":{"1":{"line":25,"type":"if","locations":[{"start":{"line":25,"column":6},"end":{"line":25,"column":6}},{"start":{"line":25,"column":6},"end":{"line":25,"column":6}}]},"2":{"line":32,"type":"if","locations":[{"start":{"line":32,"column":6},"end":{"line":32,"column":6}},{"start":{"line":32,"column":6},"end":{"line":32,"column":6}}]},"3":{"line":32,"type":"binary-expr","locations":[{"start":{"line":32,"column":10},"end":{"line":32,"column":38}},{"start":{"line":32,"column":42},"end":{"line":32,"column":82}}]},"4":{"line":37,"type":"if","locations":[{"start":{"line":37,"column":6},"end":{"line":37,"column":6}},{"start":{"line":37,"column":6},"end":{"line":37,"column":6}}]},"5":{"line":43,"type":"if","locations":[{"start":{"line":43,"column":8},"end":{"line":43,"column":8}},{"start":{"line":43,"column":8},"end":{"line":43,"column":8}}]},"6":{"line":49,"type":"if","locations":[{"start":{"line":49,"column":6},"end":{"line":49,"column":6}},{"start":{"line":49,"column":6},"end":{"line":49,"column":6}}]},"7":{"line":51,"type":"if","locations":[{"start":{"line":51,"column":10},"end":{"line":51,"column":10}},{"start":{"line":51,"column":10},"end":{"line":51,"column":10}}]},"8":{"line":60,"type":"if","locations":[{"start":{"line":60,"column":4},"end":{"line":60,"column":4}},{"start":{"line":60,"column":4},"end":{"line":60,"column":4}}]},"9":{"line":75,"type":"if","locations":[{"start":{"line":75,"column":4},"end":{"line":75,"column":4}},{"start":{"line":75,"column":4},"end":{"line":75,"column":4}}]},"10":{"line":79,"type":"if","locations":[{"start":{"line":79,"column":4},"end":{"line":79,"column":4}},{"start":{"line":79,"column":4},"end":{"line":79,"column":4}}]},"11":{"line":81,"type":"if","locations":[{"start":{"line":81,"column":8},"end":{"line":81,"column":8}},{"start":{"line":81,"column":8},"end":{"line":81,"column":8}}]},"12":{"line":88,"type":"if","locations":[{"start":{"line":88,"column":6},"end":{"line":88,"column":6}},{"start":{"line":88,"column":6},"end":{"line":88,"column":6}}]},"13":{"line":94,"type":"cond-expr","locations":[{"start":{"line":94,"column":53},"end":{"line":94,"column":55}},{"start":{"line":94,"column":60},"end":{"line":94,"column":74}}]},"14":{"line":97,"type":"if","locations":[{"start":{"line":97,"column":6},"end":{"line":97,"column":6}},{"start":{"line":97,"column":6},"end":{"line":97,"column":6}}]},"15":{"line":98,"type":"if","locations":[{"start":{"line":98,"column":8},"end":{"line":98,"column":8}},{"start":{"line":98,"column":8},"end":{"line":98,"column":8}}]},"16":{"line":98,"type":"binary-expr","locations":[{"start":{"line":98,"column":12},"end":{"line":98,"column":21}},{"start":{"line":98,"column":25},"end":{"line":98,"column":48}},{"start":{"line":98,"column":52},"end":{"line":98,"column":86}},{"start":{"line":98,"column":90},"end":{"line":98,"column":133}}]},"17":{"line":100,"type":"if","locations":[{"start":{"line":100,"column":10},"end":{"line":100,"column":10}},{"start":{"line":100,"column":10},"end":{"line":100,"column":10}}]},"18":{"line":144,"type":"if","locations":[{"start":{"line":144,"column":6},"end":{"line":144,"column":6}},{"start":{"line":144,"column":6},"end":{"line":144,"column":6}}]},"19":{"line":148,"type":"if","locations":[{"start":{"line":148,"column":6},"end":{"line":148,"column":6}},{"start":{"line":148,"column":6},"end":{"line":148,"column":6}}]},"20":{"line":155,"type":"if","locations":[{"start":{"line":155,"column":4},"end":{"line":155,"column":4}},{"start":{"line":155,"column":4},"end":{"line":155,"column":4}}]},"21":{"line":162,"type":"cond-expr","locations":[{"start":{"line":162,"column":57},"end":{"line":162,"column":126}},{"start":{"line":162,"column":129},"end":{"line":162,"column":131}}]},"22":{"line":163,"type":"cond-expr","locations":[{"start":{"line":163,"column":70},"end":{"line":163,"column":74}},{"start":{"line":163,"column":79},"end":{"line":163,"column":84}}]},"23":{"line":165,"type":"if","locations":[{"start":{"line":165,"column":8},"end":{"line":165,"column":8}},{"start":{"line":165,"column":8},"end":{"line":165,"column":8}}]},"24":{"line":165,"type":"binary-expr","locations":[{"start":{"line":165,"column":11},"end":{"line":165,"column":22}},{"start":{"line":165,"column":26},"end":{"line":165,"column":50}}]},"25":{"line":167,"type":"if","locations":[{"start":{"line":167,"column":15},"end":{"line":167,"column":15}},{"start":{"line":167,"column":15},"end":{"line":167,"column":15}}]},"26":{"line":167,"type":"binary-expr","locations":[{"start":{"line":167,"column":18},"end":{"line":167,"column":30}},{"start":{"line":167,"column":34},"end":{"line":167,"column":58}}]},"27":{"line":171,"type":"cond-expr","locations":[{"start":{"line":171,"column":50},"end":{"line":171,"column":77}},{"start":{"line":171,"column":81},"end":{"line":171,"column":90}}]},"28":{"line":172,"type":"if","locations":[{"start":{"line":172,"column":8},"end":{"line":172,"column":8}},{"start":{"line":172,"column":8},"end":{"line":172,"column":8}}]},"29":{"line":175,"type":"cond-expr","locations":[{"start":{"line":175,"column":73},"end":{"line":175,"column":89}},{"start":{"line":175,"column":93},"end":{"line":175,"column":95}}]},"30":{"line":176,"type":"cond-expr","locations":[{"start":{"line":176,"column":90},"end":{"line":176,"column":116}},{"start":{"line":176,"column":121},"end":{"line":176,"column":123}}]},"31":{"line":176,"type":"binary-expr","locations":[{"start":{"line":176,"column":27},"end":{"line":176,"column":61}},{"start":{"line":176,"column":65},"end":{"line":176,"column":85}}]},"32":{"line":182,"type":"cond-expr","locations":[{"start":{"line":182,"column":50},"end":{"line":182,"column":63}},{"start":{"line":182,"column":68},"end":{"line":182,"column":70}}]},"33":{"line":188,"type":"if","locations":[{"start":{"line":188,"column":4},"end":{"line":188,"column":4}},{"start":{"line":188,"column":4},"end":{"line":188,"column":4}}]},"34":{"line":195,"type":"if","locations":[{"start":{"line":195,"column":6},"end":{"line":195,"column":6}},{"start":{"line":195,"column":6},"end":{"line":195,"column":6}}]},"35":{"line":195,"type":"binary-expr","locations":[{"start":{"line":195,"column":9},"end":{"line":195,"column":36}},{"start":{"line":195,"column":40},"end":{"line":195,"column":64}}]},"36":{"line":206,"type":"if","locations":[{"start":{"line":206,"column":6},"end":{"line":206,"column":6}},{"start":{"line":206,"column":6},"end":{"line":206,"column":6}}]},"37":{"line":210,"type":"if","locations":[{"start":{"line":210,"column":8},"end":{"line":210,"column":8}},{"start":{"line":210,"column":8},"end":{"line":210,"column":8}}]},"38":{"line":210,"type":"binary-expr","locations":[{"start":{"line":210,"column":11},"end":{"line":210,"column":22}},{"start":{"line":210,"column":26},"end":{"line":210,"column":45}}]},"39":{"line":214,"type":"if","locations":[{"start":{"line":214,"column":10},"end":{"line":214,"column":10}},{"start":{"line":214,"column":10},"end":{"line":214,"column":10}}]},"40":{"line":221,"type":"if","locations":[{"start":{"line":221,"column":12},"end":{"line":221,"column":12}},{"start":{"line":221,"column":12},"end":{"line":221,"column":12}}]},"41":{"line":237,"type":"cond-expr","locations":[{"start":{"line":237,"column":49},"end":{"line":237,"column":61}},{"start":{"line":237,"column":66},"end":{"line":237,"column":68}}]}}}}