TN:
SF:/Users/advanderveer/Documents/Personal/Javascript/station.js/signal.js/src/collection.js
FN:1,Collection
FN:5,(anonymous_2)
FN:19,build
FN:20,(anonymous_4)
FN:36,addCollection
FN:40,(anonymous_6)
FN:55,addPrefix
FN:60,(anonymous_8)
FN:76,add
FN:96,remove
FN:107,get
FN:118,has
FN:129,all
FNF:13
FNH:13
FNDA:18,Collection
FNDA:55,(anonymous_2)
FNDA:14,build
FNDA:46,(anonymous_4)
FNDA:1,addCollection
FNDA:3,(anonymous_6)
FNDA:1,addPrefix
FNDA:3,(anonymous_8)
FNDA:55,add
FNDA:2,remove
FNDA:21,get
FNDA:13,has
FNDA:13,all
DA:1,1
DA:2,18
DA:3,18
DA:5,18
DA:6,55
DA:7,55
DA:8,55
DA:19,18
DA:20,14
DA:21,46
DA:24,14
DA:36,18
DA:39,1
DA:40,1
DA:41,3
DA:42,1
DA:44,3
DA:47,1
DA:55,18
DA:58,1
DA:60,1
DA:61,3
DA:64,1
DA:76,18
DA:78,55
DA:79,1
DA:81,54
DA:83,54
DA:84,1
DA:86,53
DA:87,53
DA:96,18
DA:97,2
DA:107,18
DA:108,21
DA:118,18
DA:119,13
DA:120,13
DA:129,18
DA:130,13
DA:134,18
DA:135,13
DA:139,1
LF:43
LH:43
BRDA:41,1,0,1
BRDA:41,1,1,2
BRDA:78,2,0,1
BRDA:78,2,1,54
BRDA:83,3,0,1
BRDA:83,3,1,53
BRDA:83,4,0,54
BRDA:83,4,1,22
BRDA:120,5,0,4
BRDA:120,5,1,9
BRDA:134,6,0,13
BRDA:134,6,1,5
BRF:12
BRH:12
end_of_record
TN:
SF:/Users/advanderveer/Documents/Personal/Javascript/station.js/signal.js/src/signal.js
FN:1,Signal
FN:19,(anonymous_2)
FN:24,(anonymous_3)
FN:38,(anonymous_4)
FN:47,(anonymous_5)
FN:69,(anonymous_6)
FN:76,(anonymous_7)
FN:83,(anonymous_8)
FN:92,(anonymous_9)
FN:125,(anonymous_10)
FN:134,(anonymous_11)
FN:139,(anonymous_12)
FN:151,(anonymous_13)
FN:197,(anonymous_14)
FN:226,(anonymous_15)
FNF:15
FNH:15
FNDA:11,Signal
FNDA:9,(anonymous_2)
FNDA:45,(anonymous_3)
FNDA:17,(anonymous_4)
FNDA:11,(anonymous_5)
FNDA:6,(anonymous_6)
FNDA:3,(anonymous_7)
FNDA:11,(anonymous_8)
FNDA:17,(anonymous_9)
FNDA:57,(anonymous_10)
FNDA:364,(anonymous_11)
FNDA:115,(anonymous_12)
FNDA:135,(anonymous_13)
FNDA:241,(anonymous_14)
FNDA:241,(anonymous_15)
DA:1,1
DA:2,11
DA:4,11
DA:10,11
DA:19,11
DA:20,9
DA:21,9
DA:22,9
DA:24,9
DA:25,45
DA:26,45
DA:29,45
DA:30,20
DA:33,25
DA:34,25
DA:35,17
DA:38,8
DA:39,17
DA:40,17
DA:41,10
DA:46,8
DA:47,7
DA:48,11
DA:49,9
DA:53,8
DA:56,9
DA:57,1
DA:58,8
DA:69,11
DA:71,6
DA:72,1
DA:74,5
DA:75,5
DA:76,3
DA:77,3
DA:78,2
DA:82,5
DA:83,5
DA:84,11
DA:85,1
DA:88,4
DA:89,4
DA:90,4
DA:91,4
DA:92,4
DA:93,17
DA:94,9
DA:96,7
DA:97,1
DA:100,6
DA:101,6
DA:106,8
DA:107,8
DA:113,3
DA:125,11
DA:127,57
DA:128,57
DA:129,57
DA:130,57
DA:131,57
DA:134,57
DA:135,364
DA:139,57
DA:140,115
DA:141,39
DA:143,76
DA:144,76
DA:145,33
DA:147,43
DA:150,57
DA:151,57
DA:152,135
DA:154,135
DA:155,135
DA:157,135
DA:158,135
DA:160,135
DA:161,68
DA:162,67
DA:163,25
DA:166,135
DA:167,135
DA:168,122
DA:169,122
DA:170,122
DA:171,122
DA:173,122
DA:177,135
DA:178,135
DA:182,57
DA:183,13
DA:186,57
DA:187,57
DA:189,211
DA:190,43
DA:191,43
DA:196,57
DA:197,57
DA:198,241
DA:200,241
DA:201,106
DA:204,135
DA:205,10
DA:207,125
DA:208,125
DA:211,53
DA:212,53
DA:213,53
DA:214,53
DA:215,53
DA:216,33
DA:219,125
DA:225,57
DA:226,57
DA:227,241
DA:230,57
DA:240,1
LF:117
LH:117
BRDA:29,1,0,20
BRDA:29,1,1,25
BRDA:29,2,0,45
BRDA:29,2,1,27
BRDA:34,3,0,17
BRDA:34,3,1,8
BRDA:40,4,0,10
BRDA:40,4,1,7
BRDA:46,5,0,7
BRDA:46,5,1,1
BRDA:48,6,0,9
BRDA:48,6,1,2
BRDA:56,7,0,1
BRDA:56,7,1,8
BRDA:71,8,0,1
BRDA:71,8,1,5
BRDA:75,9,0,3
BRDA:75,9,1,2
BRDA:77,10,0,2
BRDA:77,10,1,1
BRDA:84,11,0,1
BRDA:84,11,1,10
BRDA:90,12,0,2
BRDA:90,12,1,2
BRDA:93,13,0,9
BRDA:93,13,1,8
BRDA:94,14,0,7
BRDA:94,14,1,2
BRDA:94,15,0,9
BRDA:94,15,1,2
BRDA:94,15,2,2
BRDA:94,15,3,2
BRDA:96,16,0,1
BRDA:96,16,1,6
BRDA:140,17,0,39
BRDA:140,17,1,76
BRDA:144,18,0,33
BRDA:144,18,1,43
BRDA:157,19,0,134
BRDA:157,19,1,1
BRDA:158,20,0,110
BRDA:158,20,1,25
BRDA:160,21,0,68
BRDA:160,21,1,67
BRDA:160,22,0,135
BRDA:160,22,1,110
BRDA:162,23,0,25
BRDA:162,23,1,42
BRDA:162,24,0,67
BRDA:162,24,1,25
BRDA:166,25,0,36
BRDA:166,25,1,99
BRDA:167,26,0,122
BRDA:167,26,1,13
BRDA:170,27,0,66
BRDA:170,27,1,56
BRDA:171,28,0,1
BRDA:171,28,1,121
BRDA:171,29,0,122
BRDA:171,29,1,57
BRDA:177,30,0,110
BRDA:177,30,1,25
BRDA:182,31,0,13
BRDA:182,31,1,44
BRDA:189,32,0,43
BRDA:189,32,1,168
BRDA:189,33,0,211
BRDA:189,33,1,115
BRDA:200,34,0,106
BRDA:200,34,1,135
BRDA:204,35,0,10
BRDA:204,35,1,125
BRDA:204,36,0,135
BRDA:204,36,1,20
BRDA:208,37,0,53
BRDA:208,37,1,72
BRDA:215,38,0,33
BRDA:215,38,1,20
BRDA:231,39,0,37
BRDA:231,39,1,20
BRF:80
BRH:80
end_of_record
