TN:
SF:/Users/advanderveer/Documents/Personal/Javascript/station.js/signal.js/src/collection.js
FN:1,Collection
FN:5,(anonymous_2)
FN:19,build
FN:20,(anonymous_4)
FN:36,addCollection
FN:40,(anonymous_6)
FN:55,addPrefix
FN:60,(anonymous_8)
FN:76,add
FN:96,remove
FN:107,get
FN:118,has
FN:129,all
FNF:13
FNH:13
FNDA:21,Collection
FNDA:60,(anonymous_2)
FNDA:17,build
FNDA:51,(anonymous_4)
FNDA:1,addCollection
FNDA:3,(anonymous_6)
FNDA:1,addPrefix
FNDA:3,(anonymous_8)
FNDA:60,add
FNDA:2,remove
FNDA:21,get
FNDA:13,has
FNDA:14,all
DA:1,1
DA:2,21
DA:3,21
DA:5,21
DA:6,60
DA:7,60
DA:8,60
DA:19,21
DA:20,17
DA:21,51
DA:24,17
DA:36,21
DA:39,1
DA:40,1
DA:41,3
DA:42,1
DA:44,3
DA:47,1
DA:55,21
DA:58,1
DA:60,1
DA:61,3
DA:64,1
DA:76,21
DA:78,60
DA:79,1
DA:81,59
DA:83,59
DA:84,1
DA:86,58
DA:87,58
DA:96,21
DA:97,2
DA:107,21
DA:108,21
DA:118,21
DA:119,13
DA:120,13
DA:129,21
DA:130,14
DA:134,21
DA:135,16
DA:139,1
LF:43
LH:43
BRDA:41,1,0,1
BRDA:41,1,1,2
BRDA:78,2,0,1
BRDA:78,2,1,59
BRDA:83,3,0,1
BRDA:83,3,1,58
BRDA:83,4,0,59
BRDA:83,4,1,23
BRDA:120,5,0,4
BRDA:120,5,1,9
BRDA:134,6,0,16
BRDA:134,6,1,5
BRF:12
BRH:12
end_of_record
TN:
SF:/Users/advanderveer/Documents/Personal/Javascript/station.js/signal.js/src/signal.js
FN:1,Signal
FN:19,(anonymous_2)
FN:24,(anonymous_3)
FN:41,(anonymous_4)
FN:50,(anonymous_5)
FN:73,(anonymous_6)
FN:80,(anonymous_7)
FN:87,(anonymous_8)
FN:96,(anonymous_9)
FN:129,(anonymous_10)
FN:138,(anonymous_11)
FN:143,(anonymous_12)
FN:156,(anonymous_13)
FN:203,(anonymous_14)
FN:232,(anonymous_15)
FNF:15
FNH:15
FNDA:14,Signal
FNDA:10,(anonymous_2)
FNDA:46,(anonymous_3)
FNDA:17,(anonymous_4)
FNDA:11,(anonymous_5)
FNDA:6,(anonymous_6)
FNDA:3,(anonymous_7)
FNDA:11,(anonymous_8)
FNDA:17,(anonymous_9)
FNDA:45,(anonymous_10)
FNDA:268,(anonymous_11)
FNDA:89,(anonymous_12)
FNDA:101,(anonymous_13)
FNDA:179,(anonymous_14)
FNDA:179,(anonymous_15)
DA:1,1
DA:2,14
DA:4,14
DA:10,14
DA:19,14
DA:20,10
DA:21,10
DA:22,10
DA:24,10
DA:25,46
DA:26,14
DA:28,32
DA:29,32
DA:32,32
DA:33,9
DA:36,23
DA:37,23
DA:38,14
DA:41,9
DA:42,17
DA:43,17
DA:44,10
DA:49,9
DA:50,7
DA:51,11
DA:52,9
DA:56,9
DA:57,9
DA:60,10
DA:61,1
DA:62,9
DA:73,14
DA:75,6
DA:76,1
DA:78,5
DA:79,5
DA:80,3
DA:81,3
DA:82,2
DA:86,5
DA:87,5
DA:88,11
DA:89,1
DA:92,4
DA:93,4
DA:94,4
DA:95,4
DA:96,4
DA:97,17
DA:98,9
DA:100,7
DA:101,1
DA:104,6
DA:105,6
DA:110,8
DA:111,8
DA:117,3
DA:129,14
DA:131,45
DA:132,45
DA:133,45
DA:134,45
DA:135,45
DA:138,45
DA:139,268
DA:143,45
DA:144,89
DA:145,39
DA:147,50
DA:148,50
DA:149,21
DA:151,29
DA:154,45
DA:155,45
DA:156,43
DA:157,101
DA:159,101
DA:160,101
DA:162,101
DA:163,101
DA:165,101
DA:166,49
DA:167,52
DA:168,14
DA:171,101
DA:172,101
DA:173,88
DA:174,88
DA:175,88
DA:176,88
DA:178,88
DA:182,101
DA:183,101
DA:188,45
DA:189,15
DA:192,45
DA:193,45
DA:195,164
DA:196,29
DA:197,29
DA:202,45
DA:203,45
DA:204,179
DA:206,179
DA:207,78
DA:210,101
DA:211,8
DA:213,93
DA:214,93
DA:217,33
DA:218,33
DA:219,33
DA:220,33
DA:221,33
DA:222,21
DA:225,93
DA:231,45
DA:232,45
DA:233,179
DA:236,45
DA:246,1
LF:121
LH:121
BRDA:25,1,0,14
BRDA:25,1,1,32
BRDA:32,2,0,9
BRDA:32,2,1,23
BRDA:32,3,0,32
BRDA:32,3,1,17
BRDA:37,4,0,14
BRDA:37,4,1,9
BRDA:43,5,0,10
BRDA:43,5,1,7
BRDA:49,6,0,7
BRDA:49,6,1,2
BRDA:51,7,0,9
BRDA:51,7,1,2
BRDA:60,8,0,1
BRDA:60,8,1,9
BRDA:75,9,0,1
BRDA:75,9,1,5
BRDA:79,10,0,3
BRDA:79,10,1,2
BRDA:81,11,0,2
BRDA:81,11,1,1
BRDA:88,12,0,1
BRDA:88,12,1,10
BRDA:94,13,0,2
BRDA:94,13,1,2
BRDA:97,14,0,9
BRDA:97,14,1,8
BRDA:98,15,0,7
BRDA:98,15,1,2
BRDA:98,16,0,9
BRDA:98,16,1,2
BRDA:98,16,2,2
BRDA:98,16,3,2
BRDA:100,17,0,1
BRDA:100,17,1,6
BRDA:144,18,0,39
BRDA:144,18,1,50
BRDA:148,19,0,21
BRDA:148,19,1,29
BRDA:155,20,0,43
BRDA:155,20,1,2
BRDA:162,21,0,100
BRDA:162,21,1,1
BRDA:163,22,0,87
BRDA:163,22,1,14
BRDA:165,23,0,49
BRDA:165,23,1,52
BRDA:165,24,0,101
BRDA:165,24,1,87
BRDA:167,25,0,14
BRDA:167,25,1,38
BRDA:167,26,0,52
BRDA:167,26,1,14
BRDA:171,27,0,36
BRDA:171,27,1,65
BRDA:172,28,0,88
BRDA:172,28,1,13
BRDA:175,29,0,46
BRDA:175,29,1,42
BRDA:176,30,0,1
BRDA:176,30,1,87
BRDA:176,31,0,88
BRDA:176,31,1,43
BRDA:182,32,0,87
BRDA:182,32,1,14
BRDA:188,33,0,15
BRDA:188,33,1,30
BRDA:195,34,0,29
BRDA:195,34,1,135
BRDA:195,35,0,164
BRDA:195,35,1,89
BRDA:206,36,0,78
BRDA:206,36,1,101
BRDA:210,37,0,8
BRDA:210,37,1,93
BRDA:210,38,0,101
BRDA:210,38,1,17
BRDA:214,39,0,33
BRDA:214,39,1,60
BRDA:221,40,0,21
BRDA:221,40,1,12
BRDA:237,41,0,28
BRDA:237,41,1,17
BRF:84
BRH:84
end_of_record
