{"/Users/advanderveer/Documents/Personal/Javascript/station.js/signal.js/src/collection.js":{"path":"/Users/advanderveer/Documents/Personal/Javascript/station.js/signal.js/src/collection.js","s":{"1":1,"2":21,"3":21,"4":21,"5":60,"6":60,"7":60,"8":21,"9":17,"10":51,"11":17,"12":21,"13":1,"14":1,"15":3,"16":1,"17":3,"18":1,"19":21,"20":1,"21":1,"22":3,"23":1,"24":21,"25":60,"26":1,"27":59,"28":59,"29":1,"30":58,"31":58,"32":21,"33":2,"34":21,"35":23,"36":21,"37":14,"38":14,"39":21,"40":14,"41":21,"42":16,"43":1},"b":{"1":[1,2],"2":[1,59],"3":[1,58],"4":[59,23],"5":[4,10],"6":[16,5]},"f":{"1":21,"2":60,"3":17,"4":51,"5":1,"6":3,"7":1,"8":3,"9":60,"10":2,"11":23,"12":14,"13":14},"fnMap":{"1":{"name":"Collection","line":1,"loc":{"start":{"line":1,"column":17},"end":{"line":1,"column":43}}},"2":{"name":"(anonymous_2)","line":5,"loc":{"start":{"line":5,"column":22},"end":{"line":5,"column":37}}},"3":{"name":"build","line":19,"loc":{"start":{"line":19,"column":15},"end":{"line":19,"column":36}}},"4":{"name":"(anonymous_4)","line":20,"loc":{"start":{"line":20,"column":30},"end":{"line":20,"column":44}}},"5":{"name":"addCollection","line":36,"loc":{"start":{"line":36,"column":23},"end":{"line":36,"column":52}}},"6":{"name":"(anonymous_6)","line":40,"loc":{"start":{"line":40,"column":32},"end":{"line":40,"column":46}}},"7":{"name":"addPrefix","line":55,"loc":{"start":{"line":55,"column":19},"end":{"line":55,"column":46}}},"8":{"name":"(anonymous_8)","line":60,"loc":{"start":{"line":60,"column":32},"end":{"line":60,"column":46}}},"9":{"name":"add","line":76,"loc":{"start":{"line":76,"column":13},"end":{"line":76,"column":39}}},"10":{"name":"remove","line":96,"loc":{"start":{"line":96,"column":16},"end":{"line":96,"column":38}}},"11":{"name":"get","line":107,"loc":{"start":{"line":107,"column":13},"end":{"line":107,"column":32}}},"12":{"name":"has","line":118,"loc":{"start":{"line":118,"column":13},"end":{"line":118,"column":32}}},"13":{"name":"all","line":129,"loc":{"start":{"line":129,"column":13},"end":{"line":129,"column":28}}}},"statementMap":{"1":{"start":{"line":1,"column":0},"end":{"line":137,"column":2}},"2":{"start":{"line":2,"column":2},"end":{"line":2,"column":18}},"3":{"start":{"line":3,"column":2},"end":{"line":3,"column":18}},"4":{"start":{"line":5,"column":2},"end":{"line":9,"column":4}},"5":{"start":{"line":6,"column":4},"end":{"line":6,"column":55}},"6":{"start":{"line":7,"column":4},"end":{"line":7,"column":55}},"7":{"start":{"line":8,"column":4},"end":{"line":8,"column":16}},"8":{"start":{"line":19,"column":2},"end":{"line":25,"column":4}},"9":{"start":{"line":20,"column":4},"end":{"line":22,"column":7}},"10":{"start":{"line":21,"column":6},"end":{"line":21,"column":33}},"11":{"start":{"line":24,"column":4},"end":{"line":24,"column":16}},"12":{"start":{"line":36,"column":2},"end":{"line":48,"column":4}},"13":{"start":{"line":39,"column":4},"end":{"line":39,"column":28}},"14":{"start":{"line":40,"column":4},"end":{"line":45,"column":7}},"15":{"start":{"line":41,"column":6},"end":{"line":42,"column":26}},"16":{"start":{"line":42,"column":8},"end":{"line":42,"column":26}},"17":{"start":{"line":44,"column":6},"end":{"line":44,"column":35}},"18":{"start":{"line":47,"column":4},"end":{"line":47,"column":16}},"19":{"start":{"line":55,"column":2},"end":{"line":65,"column":4}},"20":{"start":{"line":58,"column":4},"end":{"line":58,"column":35}},"21":{"start":{"line":60,"column":4},"end":{"line":62,"column":7}},"22":{"start":{"line":61,"column":6},"end":{"line":61,"column":55}},"23":{"start":{"line":64,"column":4},"end":{"line":64,"column":16}},"24":{"start":{"line":76,"column":2},"end":{"line":88,"column":4}},"25":{"start":{"line":78,"column":4},"end":{"line":79,"column":90}},"26":{"start":{"line":79,"column":6},"end":{"line":79,"column":90}},"27":{"start":{"line":81,"column":4},"end":{"line":81,"column":49}},"28":{"start":{"line":83,"column":4},"end":{"line":84,"column":115}},"29":{"start":{"line":84,"column":6},"end":{"line":84,"column":115}},"30":{"start":{"line":86,"column":4},"end":{"line":86,"column":25}},"31":{"start":{"line":87,"column":4},"end":{"line":87,"column":16}},"32":{"start":{"line":96,"column":2},"end":{"line":98,"column":4}},"33":{"start":{"line":97,"column":4},"end":{"line":97,"column":24}},"34":{"start":{"line":107,"column":2},"end":{"line":109,"column":4}},"35":{"start":{"line":108,"column":4},"end":{"line":108,"column":24}},"36":{"start":{"line":118,"column":2},"end":{"line":121,"column":4}},"37":{"start":{"line":119,"column":4},"end":{"line":119,"column":29}},"38":{"start":{"line":120,"column":4},"end":{"line":120,"column":48}},"39":{"start":{"line":129,"column":2},"end":{"line":131,"column":4}},"40":{"start":{"line":130,"column":4},"end":{"line":130,"column":18}},"41":{"start":{"line":134,"column":2},"end":{"line":135,"column":21}},"42":{"start":{"line":135,"column":4},"end":{"line":135,"column":21}},"43":{"start":{"line":139,"column":0},"end":{"line":139,"column":28}}},"branchMap":{"1":{"line":41,"type":"if","locations":[{"start":{"line":41,"column":6},"end":{"line":41,"column":6}},{"start":{"line":41,"column":6},"end":{"line":41,"column":6}}]},"2":{"line":78,"type":"if","locations":[{"start":{"line":78,"column":4},"end":{"line":78,"column":4}},{"start":{"line":78,"column":4},"end":{"line":78,"column":4}}]},"3":{"line":83,"type":"if","locations":[{"start":{"line":83,"column":4},"end":{"line":83,"column":4}},{"start":{"line":83,"column":4},"end":{"line":83,"column":4}}]},"4":{"line":83,"type":"binary-expr","locations":[{"start":{"line":83,"column":7},"end":{"line":83,"column":35}},{"start":{"line":83,"column":39},"end":{"line":83,"column":73}}]},"5":{"line":120,"type":"cond-expr","locations":[{"start":{"line":120,"column":34},"end":{"line":120,"column":39}},{"start":{"line":120,"column":42},"end":{"line":120,"column":46}}]},"6":{"line":134,"type":"if","locations":[{"start":{"line":134,"column":2},"end":{"line":134,"column":2}},{"start":{"line":134,"column":2},"end":{"line":134,"column":2}}]}}},"/Users/advanderveer/Documents/Personal/Javascript/station.js/signal.js/src/signal.js":{"path":"/Users/advanderveer/Documents/Personal/Javascript/station.js/signal.js/src/signal.js","s":{"1":1,"2":14,"3":14,"4":14,"5":14,"6":10,"7":10,"8":10,"9":10,"10":46,"11":14,"12":32,"13":32,"14":32,"15":9,"16":23,"17":23,"18":14,"19":9,"20":17,"21":17,"22":10,"23":9,"24":7,"25":11,"26":9,"27":9,"28":9,"29":10,"30":1,"31":9,"32":14,"33":7,"34":7,"35":1,"36":6,"37":6,"38":3,"39":3,"40":2,"41":6,"42":6,"43":11,"44":1,"45":5,"46":5,"47":5,"48":5,"49":5,"50":18,"51":9,"52":7,"53":1,"54":6,"55":6,"56":9,"57":9,"58":4,"59":14,"60":46,"61":46,"62":46,"63":46,"64":46,"65":46,"66":269,"67":46,"68":89,"69":39,"70":50,"71":50,"72":21,"73":29,"74":46,"75":46,"76":43,"77":101,"78":101,"79":101,"80":101,"81":101,"82":101,"83":49,"84":52,"85":14,"86":101,"87":101,"88":88,"89":88,"90":88,"91":88,"92":88,"93":101,"94":101,"95":46,"96":16,"97":46,"98":46,"99":165,"100":29,"101":29,"102":46,"103":46,"104":180,"105":180,"106":79,"107":101,"108":8,"109":93,"110":93,"111":33,"112":33,"113":33,"114":33,"115":33,"116":21,"117":93,"118":46,"119":46,"120":180,"121":46,"122":1},"b":{"1":[14,32],"2":[9,23],"3":[32,17],"4":[14,9],"5":[10,7],"6":[7,2],"7":[9,2],"8":[1,9],"9":[6,1],"10":[1,6],"11":[3,3],"12":[2,1],"13":[1,10],"14":[3,2],"15":[9,9],"16":[7,2],"17":[9,2,2,2],"18":[1,6],"19":[39,50],"20":[21,29],"21":[43,3],"22":[100,1],"23":[87,14],"24":[49,52],"25":[101,87],"26":[14,38],"27":[52,14],"28":[36,65],"29":[88,13],"30":[46,42],"31":[1,87],"32":[88,43],"33":[87,14],"34":[16,30],"35":[29,136],"36":[165,89],"37":[79,101],"38":[8,93],"39":[101,17],"40":[33,60],"41":[21,12],"42":[29,17]},"f":{"1":14,"2":10,"3":46,"4":17,"5":11,"6":7,"7":3,"8":11,"9":18,"10":46,"11":269,"12":89,"13":101,"14":180,"15":180},"fnMap":{"1":{"name":"Signal","line":1,"loc":{"start":{"line":1,"column":13},"end":{"line":1,"column":41}}},"2":{"name":"(anonymous_2)","line":19,"loc":{"start":{"line":19,"column":15},"end":{"line":19,"column":29}}},"3":{"name":"(anonymous_3)","line":24,"loc":{"start":{"line":24,"column":32},"end":{"line":24,"column":46}}},"4":{"name":"(anonymous_4)","line":41,"loc":{"start":{"line":41,"column":46},"end":{"line":41,"column":60}}},"5":{"name":"(anonymous_5)","line":50,"loc":{"start":{"line":50,"column":44},"end":{"line":50,"column":57}}},"6":{"name":"(anonymous_6)","line":73,"loc":{"start":{"line":73,"column":18},"end":{"line":73,"column":45}}},"7":{"name":"(anonymous_7)","line":81,"loc":{"start":{"line":81,"column":42},"end":{"line":81,"column":55}}},"8":{"name":"(anonymous_8)","line":88,"loc":{"start":{"line":88,"column":44},"end":{"line":88,"column":57}}},"9":{"name":"(anonymous_9)","line":97,"loc":{"start":{"line":97,"column":19},"end":{"line":97,"column":34}}},"10":{"name":"(anonymous_10)","line":130,"loc":{"start":{"line":130,"column":17},"end":{"line":130,"column":33}}},"11":{"name":"(anonymous_11)","line":139,"loc":{"start":{"line":139,"column":22},"end":{"line":139,"column":36}}},"12":{"name":"(anonymous_12)","line":144,"loc":{"start":{"line":144,"column":21},"end":{"line":144,"column":35}}},"13":{"name":"(anonymous_13)","line":157,"loc":{"start":{"line":157,"column":22},"end":{"line":157,"column":40}}},"14":{"name":"(anonymous_14)","line":204,"loc":{"start":{"line":204,"column":24},"end":{"line":204,"column":63}}},"15":{"name":"(anonymous_15)","line":233,"loc":{"start":{"line":233,"column":19},"end":{"line":233,"column":37}}}},"statementMap":{"1":{"start":{"line":1,"column":0},"end":{"line":245,"column":2}},"2":{"start":{"line":2,"column":2},"end":{"line":2,"column":18}},"3":{"start":{"line":4,"column":2},"end":{"line":4,"column":35}},"4":{"start":{"line":10,"column":2},"end":{"line":10,"column":31}},"5":{"start":{"line":19,"column":2},"end":{"line":63,"column":4}},"6":{"start":{"line":20,"column":4},"end":{"line":20,"column":39}},"7":{"start":{"line":21,"column":4},"end":{"line":21,"column":24}},"8":{"start":{"line":22,"column":4},"end":{"line":22,"column":24}},"9":{"start":{"line":24,"column":4},"end":{"line":58,"column":7}},"10":{"start":{"line":25,"column":6},"end":{"line":26,"column":15}},"11":{"start":{"line":26,"column":8},"end":{"line":26,"column":15}},"12":{"start":{"line":28,"column":6},"end":{"line":28,"column":31}},"13":{"start":{"line":29,"column":6},"end":{"line":29,"column":41}},"14":{"start":{"line":32,"column":6},"end":{"line":34,"column":7}},"15":{"start":{"line":33,"column":8},"end":{"line":33,"column":15}},"16":{"start":{"line":36,"column":6},"end":{"line":36,"column":45}},"17":{"start":{"line":37,"column":6},"end":{"line":38,"column":15}},"18":{"start":{"line":38,"column":8},"end":{"line":38,"column":15}},"19":{"start":{"line":41,"column":6},"end":{"line":46,"column":9}},"20":{"start":{"line":42,"column":8},"end":{"line":42,"column":50}},"21":{"start":{"line":43,"column":8},"end":{"line":45,"column":9}},"22":{"start":{"line":44,"column":10},"end":{"line":44,"column":33}},"23":{"start":{"line":49,"column":6},"end":{"line":54,"column":7}},"24":{"start":{"line":50,"column":8},"end":{"line":53,"column":11}},"25":{"start":{"line":51,"column":10},"end":{"line":52,"column":50}},"26":{"start":{"line":52,"column":12},"end":{"line":52,"column":50}},"27":{"start":{"line":56,"column":6},"end":{"line":56,"column":31}},"28":{"start":{"line":57,"column":6},"end":{"line":57,"column":21}},"29":{"start":{"line":60,"column":4},"end":{"line":61,"column":75}},"30":{"start":{"line":61,"column":6},"end":{"line":61,"column":75}},"31":{"start":{"line":62,"column":4},"end":{"line":62,"column":22}},"32":{"start":{"line":73,"column":2},"end":{"line":119,"column":4}},"33":{"start":{"line":74,"column":4},"end":{"line":74,"column":62}},"34":{"start":{"line":76,"column":4},"end":{"line":77,"column":68}},"35":{"start":{"line":77,"column":6},"end":{"line":77,"column":68}},"36":{"start":{"line":79,"column":4},"end":{"line":79,"column":42}},"37":{"start":{"line":80,"column":4},"end":{"line":85,"column":5}},"38":{"start":{"line":81,"column":6},"end":{"line":84,"column":9}},"39":{"start":{"line":82,"column":8},"end":{"line":83,"column":48}},"40":{"start":{"line":83,"column":10},"end":{"line":83,"column":48}},"41":{"start":{"line":87,"column":4},"end":{"line":87,"column":39}},"42":{"start":{"line":88,"column":4},"end":{"line":91,"column":7}},"43":{"start":{"line":89,"column":6},"end":{"line":90,"column":116}},"44":{"start":{"line":90,"column":8},"end":{"line":90,"column":116}},"45":{"start":{"line":93,"column":4},"end":{"line":93,"column":17}},"46":{"start":{"line":94,"column":4},"end":{"line":94,"column":24}},"47":{"start":{"line":95,"column":4},"end":{"line":95,"column":76}},"48":{"start":{"line":96,"column":4},"end":{"line":96,"column":43}},"49":{"start":{"line":97,"column":4},"end":{"line":115,"column":7}},"50":{"start":{"line":98,"column":6},"end":{"line":113,"column":7}},"51":{"start":{"line":99,"column":8},"end":{"line":108,"column":9}},"52":{"start":{"line":101,"column":10},"end":{"line":103,"column":11}},"53":{"start":{"line":102,"column":12},"end":{"line":102,"column":171}},"54":{"start":{"line":105,"column":10},"end":{"line":105,"column":54}},"55":{"start":{"line":106,"column":10},"end":{"line":106,"column":27}},"56":{"start":{"line":111,"column":8},"end":{"line":111,"column":29}},"57":{"start":{"line":112,"column":8},"end":{"line":112,"column":25}},"58":{"start":{"line":118,"column":4},"end":{"line":118,"column":15}},"59":{"start":{"line":130,"column":2},"end":{"line":243,"column":4}},"60":{"start":{"line":132,"column":4},"end":{"line":132,"column":20}},"61":{"start":{"line":133,"column":4},"end":{"line":133,"column":23}},"62":{"start":{"line":134,"column":4},"end":{"line":134,"column":29}},"63":{"start":{"line":135,"column":4},"end":{"line":135,"column":31}},"64":{"start":{"line":136,"column":4},"end":{"line":136,"column":16}},"65":{"start":{"line":139,"column":4},"end":{"line":141,"column":6}},"66":{"start":{"line":140,"column":8},"end":{"line":140,"column":66}},"67":{"start":{"line":144,"column":4},"end":{"line":153,"column":6}},"68":{"start":{"line":145,"column":6},"end":{"line":146,"column":21}},"69":{"start":{"line":146,"column":8},"end":{"line":146,"column":21}},"70":{"start":{"line":148,"column":6},"end":{"line":148,"column":36}},"71":{"start":{"line":149,"column":6},"end":{"line":150,"column":21}},"72":{"start":{"line":150,"column":8},"end":{"line":150,"column":21}},"73":{"start":{"line":152,"column":6},"end":{"line":152,"column":18}},"74":{"start":{"line":155,"column":4},"end":{"line":155,"column":44}},"75":{"start":{"line":156,"column":4},"end":{"line":187,"column":5}},"76":{"start":{"line":157,"column":6},"end":{"line":186,"column":9}},"77":{"start":{"line":158,"column":8},"end":{"line":158,"column":57}},"78":{"start":{"line":160,"column":8},"end":{"line":160,"column":75}},"79":{"start":{"line":161,"column":8},"end":{"line":161,"column":52}},"80":{"start":{"line":163,"column":8},"end":{"line":163,"column":132}},"81":{"start":{"line":164,"column":8},"end":{"line":164,"column":86}},"82":{"start":{"line":166,"column":8},"end":{"line":170,"column":9}},"83":{"start":{"line":167,"column":10},"end":{"line":167,"column":84}},"84":{"start":{"line":168,"column":15},"end":{"line":170,"column":9}},"85":{"start":{"line":169,"column":10},"end":{"line":169,"column":47}},"86":{"start":{"line":172,"column":8},"end":{"line":172,"column":91}},"87":{"start":{"line":173,"column":8},"end":{"line":181,"column":9}},"88":{"start":{"line":174,"column":10},"end":{"line":174,"column":56}},"89":{"start":{"line":175,"column":10},"end":{"line":175,"column":71}},"90":{"start":{"line":176,"column":10},"end":{"line":176,"column":96}},"91":{"start":{"line":177,"column":10},"end":{"line":177,"column":125}},"92":{"start":{"line":179,"column":10},"end":{"line":179,"column":73}},"93":{"start":{"line":183,"column":8},"end":{"line":183,"column":91}},"94":{"start":{"line":184,"column":8},"end":{"line":184,"column":33}},"95":{"start":{"line":189,"column":4},"end":{"line":191,"column":5}},"96":{"start":{"line":190,"column":6},"end":{"line":190,"column":52}},"97":{"start":{"line":193,"column":4},"end":{"line":193,"column":44}},"98":{"start":{"line":194,"column":4},"end":{"line":201,"column":5}},"99":{"start":{"line":196,"column":6},"end":{"line":200,"column":7}},"100":{"start":{"line":197,"column":8},"end":{"line":197,"column":29}},"101":{"start":{"line":198,"column":8},"end":{"line":198,"column":14}},"102":{"start":{"line":203,"column":4},"end":{"line":203,"column":25}},"103":{"start":{"line":204,"column":4},"end":{"line":230,"column":6}},"104":{"start":{"line":205,"column":6},"end":{"line":205,"column":32}},"105":{"start":{"line":207,"column":6},"end":{"line":228,"column":7}},"106":{"start":{"line":208,"column":8},"end":{"line":208,"column":37}},"107":{"start":{"line":211,"column":8},"end":{"line":227,"column":9}},"108":{"start":{"line":212,"column":10},"end":{"line":212,"column":58}},"109":{"start":{"line":214,"column":10},"end":{"line":214,"column":62}},"110":{"start":{"line":215,"column":10},"end":{"line":225,"column":11}},"111":{"start":{"line":218,"column":12},"end":{"line":218,"column":34}},"112":{"start":{"line":219,"column":12},"end":{"line":219,"column":58}},"113":{"start":{"line":220,"column":12},"end":{"line":220,"column":27}},"114":{"start":{"line":221,"column":12},"end":{"line":221,"column":41}},"115":{"start":{"line":222,"column":12},"end":{"line":224,"column":13}},"116":{"start":{"line":223,"column":14},"end":{"line":223,"column":65}},"117":{"start":{"line":226,"column":10},"end":{"line":226,"column":24}},"118":{"start":{"line":232,"column":4},"end":{"line":232,"column":20}},"119":{"start":{"line":233,"column":4},"end":{"line":235,"column":7}},"120":{"start":{"line":234,"column":6},"end":{"line":234,"column":67}},"121":{"start":{"line":237,"column":4},"end":{"line":242,"column":6}},"122":{"start":{"line":247,"column":0},"end":{"line":247,"column":24}}},"branchMap":{"1":{"line":25,"type":"if","locations":[{"start":{"line":25,"column":6},"end":{"line":25,"column":6}},{"start":{"line":25,"column":6},"end":{"line":25,"column":6}}]},"2":{"line":32,"type":"if","locations":[{"start":{"line":32,"column":6},"end":{"line":32,"column":6}},{"start":{"line":32,"column":6},"end":{"line":32,"column":6}}]},"3":{"line":32,"type":"binary-expr","locations":[{"start":{"line":32,"column":10},"end":{"line":32,"column":38}},{"start":{"line":32,"column":42},"end":{"line":32,"column":82}}]},"4":{"line":37,"type":"if","locations":[{"start":{"line":37,"column":6},"end":{"line":37,"column":6}},{"start":{"line":37,"column":6},"end":{"line":37,"column":6}}]},"5":{"line":43,"type":"if","locations":[{"start":{"line":43,"column":8},"end":{"line":43,"column":8}},{"start":{"line":43,"column":8},"end":{"line":43,"column":8}}]},"6":{"line":49,"type":"if","locations":[{"start":{"line":49,"column":6},"end":{"line":49,"column":6}},{"start":{"line":49,"column":6},"end":{"line":49,"column":6}}]},"7":{"line":51,"type":"if","locations":[{"start":{"line":51,"column":10},"end":{"line":51,"column":10}},{"start":{"line":51,"column":10},"end":{"line":51,"column":10}}]},"8":{"line":60,"type":"if","locations":[{"start":{"line":60,"column":4},"end":{"line":60,"column":4}},{"start":{"line":60,"column":4},"end":{"line":60,"column":4}}]},"9":{"line":74,"type":"cond-expr","locations":[{"start":{"line":74,"column":46},"end":{"line":74,"column":56}},{"start":{"line":74,"column":59},"end":{"line":74,"column":61}}]},"10":{"line":76,"type":"if","locations":[{"start":{"line":76,"column":4},"end":{"line":76,"column":4}},{"start":{"line":76,"column":4},"end":{"line":76,"column":4}}]},"11":{"line":80,"type":"if","locations":[{"start":{"line":80,"column":4},"end":{"line":80,"column":4}},{"start":{"line":80,"column":4},"end":{"line":80,"column":4}}]},"12":{"line":82,"type":"if","locations":[{"start":{"line":82,"column":8},"end":{"line":82,"column":8}},{"start":{"line":82,"column":8},"end":{"line":82,"column":8}}]},"13":{"line":89,"type":"if","locations":[{"start":{"line":89,"column":6},"end":{"line":89,"column":6}},{"start":{"line":89,"column":6},"end":{"line":89,"column":6}}]},"14":{"line":95,"type":"cond-expr","locations":[{"start":{"line":95,"column":53},"end":{"line":95,"column":55}},{"start":{"line":95,"column":60},"end":{"line":95,"column":74}}]},"15":{"line":98,"type":"if","locations":[{"start":{"line":98,"column":6},"end":{"line":98,"column":6}},{"start":{"line":98,"column":6},"end":{"line":98,"column":6}}]},"16":{"line":99,"type":"if","locations":[{"start":{"line":99,"column":8},"end":{"line":99,"column":8}},{"start":{"line":99,"column":8},"end":{"line":99,"column":8}}]},"17":{"line":99,"type":"binary-expr","locations":[{"start":{"line":99,"column":12},"end":{"line":99,"column":21}},{"start":{"line":99,"column":25},"end":{"line":99,"column":48}},{"start":{"line":99,"column":52},"end":{"line":99,"column":86}},{"start":{"line":99,"column":90},"end":{"line":99,"column":133}}]},"18":{"line":101,"type":"if","locations":[{"start":{"line":101,"column":10},"end":{"line":101,"column":10}},{"start":{"line":101,"column":10},"end":{"line":101,"column":10}}]},"19":{"line":145,"type":"if","locations":[{"start":{"line":145,"column":6},"end":{"line":145,"column":6}},{"start":{"line":145,"column":6},"end":{"line":145,"column":6}}]},"20":{"line":149,"type":"if","locations":[{"start":{"line":149,"column":6},"end":{"line":149,"column":6}},{"start":{"line":149,"column":6},"end":{"line":149,"column":6}}]},"21":{"line":156,"type":"if","locations":[{"start":{"line":156,"column":4},"end":{"line":156,"column":4}},{"start":{"line":156,"column":4},"end":{"line":156,"column":4}}]},"22":{"line":163,"type":"cond-expr","locations":[{"start":{"line":163,"column":57},"end":{"line":163,"column":126}},{"start":{"line":163,"column":129},"end":{"line":163,"column":131}}]},"23":{"line":164,"type":"cond-expr","locations":[{"start":{"line":164,"column":70},"end":{"line":164,"column":74}},{"start":{"line":164,"column":79},"end":{"line":164,"column":84}}]},"24":{"line":166,"type":"if","locations":[{"start":{"line":166,"column":8},"end":{"line":166,"column":8}},{"start":{"line":166,"column":8},"end":{"line":166,"column":8}}]},"25":{"line":166,"type":"binary-expr","locations":[{"start":{"line":166,"column":11},"end":{"line":166,"column":22}},{"start":{"line":166,"column":26},"end":{"line":166,"column":50}}]},"26":{"line":168,"type":"if","locations":[{"start":{"line":168,"column":15},"end":{"line":168,"column":15}},{"start":{"line":168,"column":15},"end":{"line":168,"column":15}}]},"27":{"line":168,"type":"binary-expr","locations":[{"start":{"line":168,"column":18},"end":{"line":168,"column":30}},{"start":{"line":168,"column":34},"end":{"line":168,"column":58}}]},"28":{"line":172,"type":"cond-expr","locations":[{"start":{"line":172,"column":50},"end":{"line":172,"column":77}},{"start":{"line":172,"column":81},"end":{"line":172,"column":90}}]},"29":{"line":173,"type":"if","locations":[{"start":{"line":173,"column":8},"end":{"line":173,"column":8}},{"start":{"line":173,"column":8},"end":{"line":173,"column":8}}]},"30":{"line":176,"type":"cond-expr","locations":[{"start":{"line":176,"column":73},"end":{"line":176,"column":89}},{"start":{"line":176,"column":93},"end":{"line":176,"column":95}}]},"31":{"line":177,"type":"cond-expr","locations":[{"start":{"line":177,"column":90},"end":{"line":177,"column":116}},{"start":{"line":177,"column":121},"end":{"line":177,"column":123}}]},"32":{"line":177,"type":"binary-expr","locations":[{"start":{"line":177,"column":27},"end":{"line":177,"column":61}},{"start":{"line":177,"column":65},"end":{"line":177,"column":85}}]},"33":{"line":183,"type":"cond-expr","locations":[{"start":{"line":183,"column":50},"end":{"line":183,"column":63}},{"start":{"line":183,"column":68},"end":{"line":183,"column":70}}]},"34":{"line":189,"type":"if","locations":[{"start":{"line":189,"column":4},"end":{"line":189,"column":4}},{"start":{"line":189,"column":4},"end":{"line":189,"column":4}}]},"35":{"line":196,"type":"if","locations":[{"start":{"line":196,"column":6},"end":{"line":196,"column":6}},{"start":{"line":196,"column":6},"end":{"line":196,"column":6}}]},"36":{"line":196,"type":"binary-expr","locations":[{"start":{"line":196,"column":9},"end":{"line":196,"column":36}},{"start":{"line":196,"column":40},"end":{"line":196,"column":64}}]},"37":{"line":207,"type":"if","locations":[{"start":{"line":207,"column":6},"end":{"line":207,"column":6}},{"start":{"line":207,"column":6},"end":{"line":207,"column":6}}]},"38":{"line":211,"type":"if","locations":[{"start":{"line":211,"column":8},"end":{"line":211,"column":8}},{"start":{"line":211,"column":8},"end":{"line":211,"column":8}}]},"39":{"line":211,"type":"binary-expr","locations":[{"start":{"line":211,"column":11},"end":{"line":211,"column":22}},{"start":{"line":211,"column":26},"end":{"line":211,"column":45}}]},"40":{"line":215,"type":"if","locations":[{"start":{"line":215,"column":10},"end":{"line":215,"column":10}},{"start":{"line":215,"column":10},"end":{"line":215,"column":10}}]},"41":{"line":222,"type":"if","locations":[{"start":{"line":222,"column":12},"end":{"line":222,"column":12}},{"start":{"line":222,"column":12},"end":{"line":222,"column":12}}]},"42":{"line":238,"type":"cond-expr","locations":[{"start":{"line":238,"column":49},"end":{"line":238,"column":61}},{"start":{"line":238,"column":66},"end":{"line":238,"column":68}}]}}}}