{"/Users/advanderveer/Documents/Personal/Javascript/station.js/signal.js/src/collection.js":{"path":"/Users/advanderveer/Documents/Personal/Javascript/station.js/signal.js/src/collection.js","s":{"1":1,"2":18,"3":18,"4":18,"5":55,"6":55,"7":55,"8":18,"9":14,"10":46,"11":14,"12":18,"13":1,"14":1,"15":3,"16":1,"17":3,"18":1,"19":18,"20":1,"21":1,"22":3,"23":1,"24":18,"25":55,"26":1,"27":54,"28":54,"29":1,"30":53,"31":53,"32":18,"33":2,"34":18,"35":21,"36":18,"37":13,"38":13,"39":18,"40":13,"41":18,"42":13,"43":1},"b":{"1":[1,2],"2":[1,54],"3":[1,53],"4":[54,22],"5":[4,9],"6":[13,5]},"f":{"1":18,"2":55,"3":14,"4":46,"5":1,"6":3,"7":1,"8":3,"9":55,"10":2,"11":21,"12":13,"13":13},"fnMap":{"1":{"name":"Collection","line":1,"loc":{"start":{"line":1,"column":17},"end":{"line":1,"column":43}}},"2":{"name":"(anonymous_2)","line":5,"loc":{"start":{"line":5,"column":22},"end":{"line":5,"column":37}}},"3":{"name":"build","line":19,"loc":{"start":{"line":19,"column":15},"end":{"line":19,"column":36}}},"4":{"name":"(anonymous_4)","line":20,"loc":{"start":{"line":20,"column":30},"end":{"line":20,"column":44}}},"5":{"name":"addCollection","line":36,"loc":{"start":{"line":36,"column":23},"end":{"line":36,"column":52}}},"6":{"name":"(anonymous_6)","line":40,"loc":{"start":{"line":40,"column":32},"end":{"line":40,"column":46}}},"7":{"name":"addPrefix","line":55,"loc":{"start":{"line":55,"column":19},"end":{"line":55,"column":46}}},"8":{"name":"(anonymous_8)","line":60,"loc":{"start":{"line":60,"column":32},"end":{"line":60,"column":46}}},"9":{"name":"add","line":76,"loc":{"start":{"line":76,"column":13},"end":{"line":76,"column":39}}},"10":{"name":"remove","line":96,"loc":{"start":{"line":96,"column":16},"end":{"line":96,"column":38}}},"11":{"name":"get","line":107,"loc":{"start":{"line":107,"column":13},"end":{"line":107,"column":32}}},"12":{"name":"has","line":118,"loc":{"start":{"line":118,"column":13},"end":{"line":118,"column":32}}},"13":{"name":"all","line":129,"loc":{"start":{"line":129,"column":13},"end":{"line":129,"column":28}}}},"statementMap":{"1":{"start":{"line":1,"column":0},"end":{"line":137,"column":2}},"2":{"start":{"line":2,"column":2},"end":{"line":2,"column":18}},"3":{"start":{"line":3,"column":2},"end":{"line":3,"column":18}},"4":{"start":{"line":5,"column":2},"end":{"line":9,"column":4}},"5":{"start":{"line":6,"column":4},"end":{"line":6,"column":55}},"6":{"start":{"line":7,"column":4},"end":{"line":7,"column":55}},"7":{"start":{"line":8,"column":4},"end":{"line":8,"column":16}},"8":{"start":{"line":19,"column":2},"end":{"line":25,"column":4}},"9":{"start":{"line":20,"column":4},"end":{"line":22,"column":7}},"10":{"start":{"line":21,"column":6},"end":{"line":21,"column":33}},"11":{"start":{"line":24,"column":4},"end":{"line":24,"column":16}},"12":{"start":{"line":36,"column":2},"end":{"line":48,"column":4}},"13":{"start":{"line":39,"column":4},"end":{"line":39,"column":28}},"14":{"start":{"line":40,"column":4},"end":{"line":45,"column":7}},"15":{"start":{"line":41,"column":6},"end":{"line":42,"column":26}},"16":{"start":{"line":42,"column":8},"end":{"line":42,"column":26}},"17":{"start":{"line":44,"column":6},"end":{"line":44,"column":35}},"18":{"start":{"line":47,"column":4},"end":{"line":47,"column":16}},"19":{"start":{"line":55,"column":2},"end":{"line":65,"column":4}},"20":{"start":{"line":58,"column":4},"end":{"line":58,"column":35}},"21":{"start":{"line":60,"column":4},"end":{"line":62,"column":7}},"22":{"start":{"line":61,"column":6},"end":{"line":61,"column":55}},"23":{"start":{"line":64,"column":4},"end":{"line":64,"column":16}},"24":{"start":{"line":76,"column":2},"end":{"line":88,"column":4}},"25":{"start":{"line":78,"column":4},"end":{"line":79,"column":90}},"26":{"start":{"line":79,"column":6},"end":{"line":79,"column":90}},"27":{"start":{"line":81,"column":4},"end":{"line":81,"column":49}},"28":{"start":{"line":83,"column":4},"end":{"line":84,"column":115}},"29":{"start":{"line":84,"column":6},"end":{"line":84,"column":115}},"30":{"start":{"line":86,"column":4},"end":{"line":86,"column":25}},"31":{"start":{"line":87,"column":4},"end":{"line":87,"column":16}},"32":{"start":{"line":96,"column":2},"end":{"line":98,"column":4}},"33":{"start":{"line":97,"column":4},"end":{"line":97,"column":24}},"34":{"start":{"line":107,"column":2},"end":{"line":109,"column":4}},"35":{"start":{"line":108,"column":4},"end":{"line":108,"column":24}},"36":{"start":{"line":118,"column":2},"end":{"line":121,"column":4}},"37":{"start":{"line":119,"column":4},"end":{"line":119,"column":29}},"38":{"start":{"line":120,"column":4},"end":{"line":120,"column":48}},"39":{"start":{"line":129,"column":2},"end":{"line":131,"column":4}},"40":{"start":{"line":130,"column":4},"end":{"line":130,"column":18}},"41":{"start":{"line":134,"column":2},"end":{"line":135,"column":21}},"42":{"start":{"line":135,"column":4},"end":{"line":135,"column":21}},"43":{"start":{"line":139,"column":0},"end":{"line":139,"column":28}}},"branchMap":{"1":{"line":41,"type":"if","locations":[{"start":{"line":41,"column":6},"end":{"line":41,"column":6}},{"start":{"line":41,"column":6},"end":{"line":41,"column":6}}]},"2":{"line":78,"type":"if","locations":[{"start":{"line":78,"column":4},"end":{"line":78,"column":4}},{"start":{"line":78,"column":4},"end":{"line":78,"column":4}}]},"3":{"line":83,"type":"if","locations":[{"start":{"line":83,"column":4},"end":{"line":83,"column":4}},{"start":{"line":83,"column":4},"end":{"line":83,"column":4}}]},"4":{"line":83,"type":"binary-expr","locations":[{"start":{"line":83,"column":7},"end":{"line":83,"column":35}},{"start":{"line":83,"column":39},"end":{"line":83,"column":73}}]},"5":{"line":120,"type":"cond-expr","locations":[{"start":{"line":120,"column":34},"end":{"line":120,"column":39}},{"start":{"line":120,"column":42},"end":{"line":120,"column":46}}]},"6":{"line":134,"type":"if","locations":[{"start":{"line":134,"column":2},"end":{"line":134,"column":2}},{"start":{"line":134,"column":2},"end":{"line":134,"column":2}}]}}},"/Users/advanderveer/Documents/Personal/Javascript/station.js/signal.js/src/signal.js":{"path":"/Users/advanderveer/Documents/Personal/Javascript/station.js/signal.js/src/signal.js","s":{"1":1,"2":11,"3":11,"4":11,"5":11,"6":9,"7":9,"8":9,"9":9,"10":45,"11":45,"12":45,"13":20,"14":25,"15":25,"16":17,"17":8,"18":17,"19":17,"20":10,"21":8,"22":7,"23":11,"24":9,"25":8,"26":9,"27":1,"28":8,"29":11,"30":6,"31":1,"32":5,"33":5,"34":3,"35":3,"36":2,"37":5,"38":5,"39":11,"40":1,"41":4,"42":4,"43":4,"44":4,"45":4,"46":17,"47":9,"48":7,"49":1,"50":6,"51":6,"52":8,"53":8,"54":3,"55":11,"56":57,"57":57,"58":57,"59":57,"60":57,"61":57,"62":364,"63":57,"64":115,"65":39,"66":76,"67":76,"68":33,"69":43,"70":57,"71":57,"72":135,"73":135,"74":135,"75":135,"76":135,"77":135,"78":68,"79":67,"80":25,"81":135,"82":135,"83":122,"84":122,"85":122,"86":122,"87":122,"88":135,"89":135,"90":57,"91":13,"92":57,"93":57,"94":211,"95":43,"96":43,"97":57,"98":57,"99":241,"100":241,"101":106,"102":135,"103":10,"104":125,"105":125,"106":53,"107":53,"108":53,"109":53,"110":53,"111":33,"112":125,"113":57,"114":57,"115":241,"116":57,"117":1},"b":{"1":[20,25],"2":[45,27],"3":[17,8],"4":[10,7],"5":[7,1],"6":[9,2],"7":[1,8],"8":[1,5],"9":[3,2],"10":[2,1],"11":[1,10],"12":[2,2],"13":[9,8],"14":[7,2],"15":[9,2,2,2],"16":[1,6],"17":[39,76],"18":[33,43],"19":[134,1],"20":[110,25],"21":[68,67],"22":[135,110],"23":[25,42],"24":[67,25],"25":[36,99],"26":[122,13],"27":[66,56],"28":[1,121],"29":[122,57],"30":[110,25],"31":[13,44],"32":[43,168],"33":[211,115],"34":[106,135],"35":[10,125],"36":[135,20],"37":[53,72],"38":[33,20],"39":[37,20]},"f":{"1":11,"2":9,"3":45,"4":17,"5":11,"6":6,"7":3,"8":11,"9":17,"10":57,"11":364,"12":115,"13":135,"14":241,"15":241},"fnMap":{"1":{"name":"Signal","line":1,"loc":{"start":{"line":1,"column":13},"end":{"line":1,"column":41}}},"2":{"name":"(anonymous_2)","line":19,"loc":{"start":{"line":19,"column":15},"end":{"line":19,"column":29}}},"3":{"name":"(anonymous_3)","line":24,"loc":{"start":{"line":24,"column":32},"end":{"line":24,"column":46}}},"4":{"name":"(anonymous_4)","line":38,"loc":{"start":{"line":38,"column":46},"end":{"line":38,"column":60}}},"5":{"name":"(anonymous_5)","line":47,"loc":{"start":{"line":47,"column":44},"end":{"line":47,"column":57}}},"6":{"name":"(anonymous_6)","line":69,"loc":{"start":{"line":69,"column":18},"end":{"line":69,"column":45}}},"7":{"name":"(anonymous_7)","line":76,"loc":{"start":{"line":76,"column":42},"end":{"line":76,"column":55}}},"8":{"name":"(anonymous_8)","line":83,"loc":{"start":{"line":83,"column":44},"end":{"line":83,"column":57}}},"9":{"name":"(anonymous_9)","line":92,"loc":{"start":{"line":92,"column":19},"end":{"line":92,"column":34}}},"10":{"name":"(anonymous_10)","line":125,"loc":{"start":{"line":125,"column":17},"end":{"line":125,"column":33}}},"11":{"name":"(anonymous_11)","line":134,"loc":{"start":{"line":134,"column":22},"end":{"line":134,"column":36}}},"12":{"name":"(anonymous_12)","line":139,"loc":{"start":{"line":139,"column":21},"end":{"line":139,"column":35}}},"13":{"name":"(anonymous_13)","line":151,"loc":{"start":{"line":151,"column":20},"end":{"line":151,"column":38}}},"14":{"name":"(anonymous_14)","line":197,"loc":{"start":{"line":197,"column":24},"end":{"line":197,"column":63}}},"15":{"name":"(anonymous_15)","line":226,"loc":{"start":{"line":226,"column":19},"end":{"line":226,"column":37}}}},"statementMap":{"1":{"start":{"line":1,"column":0},"end":{"line":238,"column":2}},"2":{"start":{"line":2,"column":2},"end":{"line":2,"column":18}},"3":{"start":{"line":4,"column":2},"end":{"line":4,"column":35}},"4":{"start":{"line":10,"column":2},"end":{"line":10,"column":31}},"5":{"start":{"line":19,"column":2},"end":{"line":59,"column":4}},"6":{"start":{"line":20,"column":4},"end":{"line":20,"column":39}},"7":{"start":{"line":21,"column":4},"end":{"line":21,"column":24}},"8":{"start":{"line":22,"column":4},"end":{"line":22,"column":24}},"9":{"start":{"line":24,"column":4},"end":{"line":54,"column":7}},"10":{"start":{"line":25,"column":6},"end":{"line":25,"column":31}},"11":{"start":{"line":26,"column":6},"end":{"line":26,"column":41}},"12":{"start":{"line":29,"column":6},"end":{"line":31,"column":7}},"13":{"start":{"line":30,"column":8},"end":{"line":30,"column":15}},"14":{"start":{"line":33,"column":6},"end":{"line":33,"column":45}},"15":{"start":{"line":34,"column":6},"end":{"line":35,"column":15}},"16":{"start":{"line":35,"column":8},"end":{"line":35,"column":15}},"17":{"start":{"line":38,"column":6},"end":{"line":43,"column":9}},"18":{"start":{"line":39,"column":8},"end":{"line":39,"column":50}},"19":{"start":{"line":40,"column":8},"end":{"line":42,"column":9}},"20":{"start":{"line":41,"column":10},"end":{"line":41,"column":33}},"21":{"start":{"line":46,"column":6},"end":{"line":51,"column":7}},"22":{"start":{"line":47,"column":8},"end":{"line":50,"column":11}},"23":{"start":{"line":48,"column":10},"end":{"line":49,"column":50}},"24":{"start":{"line":49,"column":12},"end":{"line":49,"column":50}},"25":{"start":{"line":53,"column":6},"end":{"line":53,"column":21}},"26":{"start":{"line":56,"column":4},"end":{"line":57,"column":75}},"27":{"start":{"line":57,"column":6},"end":{"line":57,"column":75}},"28":{"start":{"line":58,"column":4},"end":{"line":58,"column":22}},"29":{"start":{"line":69,"column":2},"end":{"line":114,"column":4}},"30":{"start":{"line":71,"column":4},"end":{"line":72,"column":68}},"31":{"start":{"line":72,"column":6},"end":{"line":72,"column":68}},"32":{"start":{"line":74,"column":4},"end":{"line":74,"column":42}},"33":{"start":{"line":75,"column":4},"end":{"line":80,"column":5}},"34":{"start":{"line":76,"column":6},"end":{"line":79,"column":9}},"35":{"start":{"line":77,"column":8},"end":{"line":78,"column":48}},"36":{"start":{"line":78,"column":10},"end":{"line":78,"column":48}},"37":{"start":{"line":82,"column":4},"end":{"line":82,"column":39}},"38":{"start":{"line":83,"column":4},"end":{"line":86,"column":7}},"39":{"start":{"line":84,"column":6},"end":{"line":85,"column":116}},"40":{"start":{"line":85,"column":8},"end":{"line":85,"column":116}},"41":{"start":{"line":88,"column":4},"end":{"line":88,"column":17}},"42":{"start":{"line":89,"column":4},"end":{"line":89,"column":24}},"43":{"start":{"line":90,"column":4},"end":{"line":90,"column":76}},"44":{"start":{"line":91,"column":4},"end":{"line":91,"column":43}},"45":{"start":{"line":92,"column":4},"end":{"line":110,"column":7}},"46":{"start":{"line":93,"column":6},"end":{"line":108,"column":7}},"47":{"start":{"line":94,"column":8},"end":{"line":103,"column":9}},"48":{"start":{"line":96,"column":10},"end":{"line":98,"column":11}},"49":{"start":{"line":97,"column":12},"end":{"line":97,"column":171}},"50":{"start":{"line":100,"column":10},"end":{"line":100,"column":54}},"51":{"start":{"line":101,"column":10},"end":{"line":101,"column":27}},"52":{"start":{"line":106,"column":8},"end":{"line":106,"column":29}},"53":{"start":{"line":107,"column":8},"end":{"line":107,"column":25}},"54":{"start":{"line":113,"column":4},"end":{"line":113,"column":15}},"55":{"start":{"line":125,"column":2},"end":{"line":236,"column":4}},"56":{"start":{"line":127,"column":4},"end":{"line":127,"column":20}},"57":{"start":{"line":128,"column":4},"end":{"line":128,"column":23}},"58":{"start":{"line":129,"column":4},"end":{"line":129,"column":29}},"59":{"start":{"line":130,"column":4},"end":{"line":130,"column":31}},"60":{"start":{"line":131,"column":4},"end":{"line":131,"column":16}},"61":{"start":{"line":134,"column":4},"end":{"line":136,"column":6}},"62":{"start":{"line":135,"column":8},"end":{"line":135,"column":66}},"63":{"start":{"line":139,"column":4},"end":{"line":148,"column":6}},"64":{"start":{"line":140,"column":6},"end":{"line":141,"column":21}},"65":{"start":{"line":141,"column":8},"end":{"line":141,"column":21}},"66":{"start":{"line":143,"column":6},"end":{"line":143,"column":36}},"67":{"start":{"line":144,"column":6},"end":{"line":145,"column":21}},"68":{"start":{"line":145,"column":8},"end":{"line":145,"column":21}},"69":{"start":{"line":147,"column":6},"end":{"line":147,"column":18}},"70":{"start":{"line":150,"column":4},"end":{"line":150,"column":44}},"71":{"start":{"line":151,"column":4},"end":{"line":180,"column":7}},"72":{"start":{"line":152,"column":6},"end":{"line":152,"column":55}},"73":{"start":{"line":154,"column":6},"end":{"line":154,"column":73}},"74":{"start":{"line":155,"column":6},"end":{"line":155,"column":50}},"75":{"start":{"line":157,"column":6},"end":{"line":157,"column":130}},"76":{"start":{"line":158,"column":6},"end":{"line":158,"column":84}},"77":{"start":{"line":160,"column":6},"end":{"line":164,"column":7}},"78":{"start":{"line":161,"column":8},"end":{"line":161,"column":82}},"79":{"start":{"line":162,"column":13},"end":{"line":164,"column":7}},"80":{"start":{"line":163,"column":8},"end":{"line":163,"column":45}},"81":{"start":{"line":166,"column":6},"end":{"line":166,"column":89}},"82":{"start":{"line":167,"column":6},"end":{"line":175,"column":7}},"83":{"start":{"line":168,"column":8},"end":{"line":168,"column":54}},"84":{"start":{"line":169,"column":8},"end":{"line":169,"column":69}},"85":{"start":{"line":170,"column":8},"end":{"line":170,"column":94}},"86":{"start":{"line":171,"column":8},"end":{"line":171,"column":123}},"87":{"start":{"line":173,"column":8},"end":{"line":173,"column":71}},"88":{"start":{"line":177,"column":6},"end":{"line":177,"column":89}},"89":{"start":{"line":178,"column":6},"end":{"line":178,"column":31}},"90":{"start":{"line":182,"column":4},"end":{"line":184,"column":5}},"91":{"start":{"line":183,"column":6},"end":{"line":183,"column":52}},"92":{"start":{"line":186,"column":4},"end":{"line":186,"column":44}},"93":{"start":{"line":187,"column":4},"end":{"line":194,"column":5}},"94":{"start":{"line":189,"column":6},"end":{"line":193,"column":7}},"95":{"start":{"line":190,"column":8},"end":{"line":190,"column":29}},"96":{"start":{"line":191,"column":8},"end":{"line":191,"column":14}},"97":{"start":{"line":196,"column":4},"end":{"line":196,"column":25}},"98":{"start":{"line":197,"column":4},"end":{"line":223,"column":6}},"99":{"start":{"line":198,"column":6},"end":{"line":198,"column":32}},"100":{"start":{"line":200,"column":6},"end":{"line":221,"column":7}},"101":{"start":{"line":201,"column":8},"end":{"line":201,"column":37}},"102":{"start":{"line":204,"column":8},"end":{"line":220,"column":9}},"103":{"start":{"line":205,"column":10},"end":{"line":205,"column":58}},"104":{"start":{"line":207,"column":10},"end":{"line":207,"column":62}},"105":{"start":{"line":208,"column":10},"end":{"line":218,"column":11}},"106":{"start":{"line":211,"column":12},"end":{"line":211,"column":34}},"107":{"start":{"line":212,"column":12},"end":{"line":212,"column":58}},"108":{"start":{"line":213,"column":12},"end":{"line":213,"column":27}},"109":{"start":{"line":214,"column":12},"end":{"line":214,"column":41}},"110":{"start":{"line":215,"column":12},"end":{"line":217,"column":13}},"111":{"start":{"line":216,"column":14},"end":{"line":216,"column":65}},"112":{"start":{"line":219,"column":10},"end":{"line":219,"column":24}},"113":{"start":{"line":225,"column":4},"end":{"line":225,"column":20}},"114":{"start":{"line":226,"column":4},"end":{"line":228,"column":7}},"115":{"start":{"line":227,"column":6},"end":{"line":227,"column":67}},"116":{"start":{"line":230,"column":4},"end":{"line":235,"column":6}},"117":{"start":{"line":240,"column":0},"end":{"line":240,"column":24}}},"branchMap":{"1":{"line":29,"type":"if","locations":[{"start":{"line":29,"column":6},"end":{"line":29,"column":6}},{"start":{"line":29,"column":6},"end":{"line":29,"column":6}}]},"2":{"line":29,"type":"binary-expr","locations":[{"start":{"line":29,"column":10},"end":{"line":29,"column":38}},{"start":{"line":29,"column":42},"end":{"line":29,"column":82}}]},"3":{"line":34,"type":"if","locations":[{"start":{"line":34,"column":6},"end":{"line":34,"column":6}},{"start":{"line":34,"column":6},"end":{"line":34,"column":6}}]},"4":{"line":40,"type":"if","locations":[{"start":{"line":40,"column":8},"end":{"line":40,"column":8}},{"start":{"line":40,"column":8},"end":{"line":40,"column":8}}]},"5":{"line":46,"type":"if","locations":[{"start":{"line":46,"column":6},"end":{"line":46,"column":6}},{"start":{"line":46,"column":6},"end":{"line":46,"column":6}}]},"6":{"line":48,"type":"if","locations":[{"start":{"line":48,"column":10},"end":{"line":48,"column":10}},{"start":{"line":48,"column":10},"end":{"line":48,"column":10}}]},"7":{"line":56,"type":"if","locations":[{"start":{"line":56,"column":4},"end":{"line":56,"column":4}},{"start":{"line":56,"column":4},"end":{"line":56,"column":4}}]},"8":{"line":71,"type":"if","locations":[{"start":{"line":71,"column":4},"end":{"line":71,"column":4}},{"start":{"line":71,"column":4},"end":{"line":71,"column":4}}]},"9":{"line":75,"type":"if","locations":[{"start":{"line":75,"column":4},"end":{"line":75,"column":4}},{"start":{"line":75,"column":4},"end":{"line":75,"column":4}}]},"10":{"line":77,"type":"if","locations":[{"start":{"line":77,"column":8},"end":{"line":77,"column":8}},{"start":{"line":77,"column":8},"end":{"line":77,"column":8}}]},"11":{"line":84,"type":"if","locations":[{"start":{"line":84,"column":6},"end":{"line":84,"column":6}},{"start":{"line":84,"column":6},"end":{"line":84,"column":6}}]},"12":{"line":90,"type":"cond-expr","locations":[{"start":{"line":90,"column":53},"end":{"line":90,"column":55}},{"start":{"line":90,"column":60},"end":{"line":90,"column":74}}]},"13":{"line":93,"type":"if","locations":[{"start":{"line":93,"column":6},"end":{"line":93,"column":6}},{"start":{"line":93,"column":6},"end":{"line":93,"column":6}}]},"14":{"line":94,"type":"if","locations":[{"start":{"line":94,"column":8},"end":{"line":94,"column":8}},{"start":{"line":94,"column":8},"end":{"line":94,"column":8}}]},"15":{"line":94,"type":"binary-expr","locations":[{"start":{"line":94,"column":12},"end":{"line":94,"column":21}},{"start":{"line":94,"column":25},"end":{"line":94,"column":48}},{"start":{"line":94,"column":52},"end":{"line":94,"column":86}},{"start":{"line":94,"column":90},"end":{"line":94,"column":133}}]},"16":{"line":96,"type":"if","locations":[{"start":{"line":96,"column":10},"end":{"line":96,"column":10}},{"start":{"line":96,"column":10},"end":{"line":96,"column":10}}]},"17":{"line":140,"type":"if","locations":[{"start":{"line":140,"column":6},"end":{"line":140,"column":6}},{"start":{"line":140,"column":6},"end":{"line":140,"column":6}}]},"18":{"line":144,"type":"if","locations":[{"start":{"line":144,"column":6},"end":{"line":144,"column":6}},{"start":{"line":144,"column":6},"end":{"line":144,"column":6}}]},"19":{"line":157,"type":"cond-expr","locations":[{"start":{"line":157,"column":55},"end":{"line":157,"column":124}},{"start":{"line":157,"column":127},"end":{"line":157,"column":129}}]},"20":{"line":158,"type":"cond-expr","locations":[{"start":{"line":158,"column":68},"end":{"line":158,"column":72}},{"start":{"line":158,"column":77},"end":{"line":158,"column":82}}]},"21":{"line":160,"type":"if","locations":[{"start":{"line":160,"column":6},"end":{"line":160,"column":6}},{"start":{"line":160,"column":6},"end":{"line":160,"column":6}}]},"22":{"line":160,"type":"binary-expr","locations":[{"start":{"line":160,"column":9},"end":{"line":160,"column":20}},{"start":{"line":160,"column":24},"end":{"line":160,"column":48}}]},"23":{"line":162,"type":"if","locations":[{"start":{"line":162,"column":13},"end":{"line":162,"column":13}},{"start":{"line":162,"column":13},"end":{"line":162,"column":13}}]},"24":{"line":162,"type":"binary-expr","locations":[{"start":{"line":162,"column":16},"end":{"line":162,"column":28}},{"start":{"line":162,"column":32},"end":{"line":162,"column":56}}]},"25":{"line":166,"type":"cond-expr","locations":[{"start":{"line":166,"column":48},"end":{"line":166,"column":75}},{"start":{"line":166,"column":79},"end":{"line":166,"column":88}}]},"26":{"line":167,"type":"if","locations":[{"start":{"line":167,"column":6},"end":{"line":167,"column":6}},{"start":{"line":167,"column":6},"end":{"line":167,"column":6}}]},"27":{"line":170,"type":"cond-expr","locations":[{"start":{"line":170,"column":71},"end":{"line":170,"column":87}},{"start":{"line":170,"column":91},"end":{"line":170,"column":93}}]},"28":{"line":171,"type":"cond-expr","locations":[{"start":{"line":171,"column":88},"end":{"line":171,"column":114}},{"start":{"line":171,"column":119},"end":{"line":171,"column":121}}]},"29":{"line":171,"type":"binary-expr","locations":[{"start":{"line":171,"column":25},"end":{"line":171,"column":59}},{"start":{"line":171,"column":63},"end":{"line":171,"column":83}}]},"30":{"line":177,"type":"cond-expr","locations":[{"start":{"line":177,"column":48},"end":{"line":177,"column":61}},{"start":{"line":177,"column":66},"end":{"line":177,"column":68}}]},"31":{"line":182,"type":"if","locations":[{"start":{"line":182,"column":4},"end":{"line":182,"column":4}},{"start":{"line":182,"column":4},"end":{"line":182,"column":4}}]},"32":{"line":189,"type":"if","locations":[{"start":{"line":189,"column":6},"end":{"line":189,"column":6}},{"start":{"line":189,"column":6},"end":{"line":189,"column":6}}]},"33":{"line":189,"type":"binary-expr","locations":[{"start":{"line":189,"column":9},"end":{"line":189,"column":36}},{"start":{"line":189,"column":40},"end":{"line":189,"column":64}}]},"34":{"line":200,"type":"if","locations":[{"start":{"line":200,"column":6},"end":{"line":200,"column":6}},{"start":{"line":200,"column":6},"end":{"line":200,"column":6}}]},"35":{"line":204,"type":"if","locations":[{"start":{"line":204,"column":8},"end":{"line":204,"column":8}},{"start":{"line":204,"column":8},"end":{"line":204,"column":8}}]},"36":{"line":204,"type":"binary-expr","locations":[{"start":{"line":204,"column":11},"end":{"line":204,"column":22}},{"start":{"line":204,"column":26},"end":{"line":204,"column":45}}]},"37":{"line":208,"type":"if","locations":[{"start":{"line":208,"column":10},"end":{"line":208,"column":10}},{"start":{"line":208,"column":10},"end":{"line":208,"column":10}}]},"38":{"line":215,"type":"if","locations":[{"start":{"line":215,"column":12},"end":{"line":215,"column":12}},{"start":{"line":215,"column":12},"end":{"line":215,"column":12}}]},"39":{"line":231,"type":"cond-expr","locations":[{"start":{"line":231,"column":49},"end":{"line":231,"column":61}},{"start":{"line":231,"column":66},"end":{"line":231,"column":68}}]}}}}