TN:
SF:/Users/advanderveer/Documents/Personal/Javascript/station.js/signal.js/src/collection.js
FN:1,Collection
FN:5,(anonymous_2)
FN:19,build
FN:20,(anonymous_4)
FN:36,addCollection
FN:40,(anonymous_6)
FN:55,addPrefix
FN:60,(anonymous_8)
FN:76,add
FN:96,remove
FN:107,get
FN:118,has
FN:129,all
FNF:13
FNH:13
FNDA:21,Collection
FNDA:60,(anonymous_2)
FNDA:17,build
FNDA:51,(anonymous_4)
FNDA:1,addCollection
FNDA:3,(anonymous_6)
FNDA:1,addPrefix
FNDA:3,(anonymous_8)
FNDA:60,add
FNDA:2,remove
FNDA:23,get
FNDA:14,has
FNDA:14,all
DA:1,1
DA:2,21
DA:3,21
DA:5,21
DA:6,60
DA:7,60
DA:8,60
DA:19,21
DA:20,17
DA:21,51
DA:24,17
DA:36,21
DA:39,1
DA:40,1
DA:41,3
DA:42,1
DA:44,3
DA:47,1
DA:55,21
DA:58,1
DA:60,1
DA:61,3
DA:64,1
DA:76,21
DA:78,60
DA:79,1
DA:81,59
DA:83,59
DA:84,1
DA:86,58
DA:87,58
DA:96,21
DA:97,2
DA:107,21
DA:108,23
DA:118,21
DA:119,14
DA:120,14
DA:129,21
DA:130,14
DA:134,21
DA:135,16
DA:139,1
LF:43
LH:43
BRDA:41,1,0,1
BRDA:41,1,1,2
BRDA:78,2,0,1
BRDA:78,2,1,59
BRDA:83,3,0,1
BRDA:83,3,1,58
BRDA:83,4,0,59
BRDA:83,4,1,23
BRDA:120,5,0,4
BRDA:120,5,1,10
BRDA:134,6,0,16
BRDA:134,6,1,5
BRF:12
BRH:12
end_of_record
TN:
SF:/Users/advanderveer/Documents/Personal/Javascript/station.js/signal.js/src/signal.js
FN:1,Signal
FN:19,(anonymous_2)
FN:24,(anonymous_3)
FN:41,(anonymous_4)
FN:50,(anonymous_5)
FN:73,(anonymous_6)
FN:81,(anonymous_7)
FN:88,(anonymous_8)
FN:97,(anonymous_9)
FN:130,(anonymous_10)
FN:139,(anonymous_11)
FN:144,(anonymous_12)
FN:157,(anonymous_13)
FN:204,(anonymous_14)
FN:233,(anonymous_15)
FNF:15
FNH:15
FNDA:14,Signal
FNDA:10,(anonymous_2)
FNDA:46,(anonymous_3)
FNDA:17,(anonymous_4)
FNDA:11,(anonymous_5)
FNDA:7,(anonymous_6)
FNDA:3,(anonymous_7)
FNDA:11,(anonymous_8)
FNDA:18,(anonymous_9)
FNDA:46,(anonymous_10)
FNDA:269,(anonymous_11)
FNDA:89,(anonymous_12)
FNDA:101,(anonymous_13)
FNDA:180,(anonymous_14)
FNDA:180,(anonymous_15)
DA:1,1
DA:2,14
DA:4,14
DA:10,14
DA:19,14
DA:20,10
DA:21,10
DA:22,10
DA:24,10
DA:25,46
DA:26,14
DA:28,32
DA:29,32
DA:32,32
DA:33,9
DA:36,23
DA:37,23
DA:38,14
DA:41,9
DA:42,17
DA:43,17
DA:44,10
DA:49,9
DA:50,7
DA:51,11
DA:52,9
DA:56,9
DA:57,9
DA:60,10
DA:61,1
DA:62,9
DA:73,14
DA:74,7
DA:76,7
DA:77,1
DA:79,6
DA:80,6
DA:81,3
DA:82,3
DA:83,2
DA:87,6
DA:88,6
DA:89,11
DA:90,1
DA:93,5
DA:94,5
DA:95,5
DA:96,5
DA:97,5
DA:98,18
DA:99,9
DA:101,7
DA:102,1
DA:105,6
DA:106,6
DA:111,9
DA:112,9
DA:118,4
DA:130,14
DA:132,46
DA:133,46
DA:134,46
DA:135,46
DA:136,46
DA:139,46
DA:140,269
DA:144,46
DA:145,89
DA:146,39
DA:148,50
DA:149,50
DA:150,21
DA:152,29
DA:155,46
DA:156,46
DA:157,43
DA:158,101
DA:160,101
DA:161,101
DA:163,101
DA:164,101
DA:166,101
DA:167,49
DA:168,52
DA:169,14
DA:172,101
DA:173,101
DA:174,88
DA:175,88
DA:176,88
DA:177,88
DA:179,88
DA:183,101
DA:184,101
DA:189,46
DA:190,16
DA:193,46
DA:194,46
DA:196,165
DA:197,29
DA:198,29
DA:203,46
DA:204,46
DA:205,180
DA:207,180
DA:208,79
DA:211,101
DA:212,8
DA:214,93
DA:215,93
DA:218,33
DA:219,33
DA:220,33
DA:221,33
DA:222,33
DA:223,21
DA:226,93
DA:232,46
DA:233,46
DA:234,180
DA:237,46
DA:247,1
LF:122
LH:122
BRDA:25,1,0,14
BRDA:25,1,1,32
BRDA:32,2,0,9
BRDA:32,2,1,23
BRDA:32,3,0,32
BRDA:32,3,1,17
BRDA:37,4,0,14
BRDA:37,4,1,9
BRDA:43,5,0,10
BRDA:43,5,1,7
BRDA:49,6,0,7
BRDA:49,6,1,2
BRDA:51,7,0,9
BRDA:51,7,1,2
BRDA:60,8,0,1
BRDA:60,8,1,9
BRDA:74,9,0,6
BRDA:74,9,1,1
BRDA:76,10,0,1
BRDA:76,10,1,6
BRDA:80,11,0,3
BRDA:80,11,1,3
BRDA:82,12,0,2
BRDA:82,12,1,1
BRDA:89,13,0,1
BRDA:89,13,1,10
BRDA:95,14,0,3
BRDA:95,14,1,2
BRDA:98,15,0,9
BRDA:98,15,1,9
BRDA:99,16,0,7
BRDA:99,16,1,2
BRDA:99,17,0,9
BRDA:99,17,1,2
BRDA:99,17,2,2
BRDA:99,17,3,2
BRDA:101,18,0,1
BRDA:101,18,1,6
BRDA:145,19,0,39
BRDA:145,19,1,50
BRDA:149,20,0,21
BRDA:149,20,1,29
BRDA:156,21,0,43
BRDA:156,21,1,3
BRDA:163,22,0,100
BRDA:163,22,1,1
BRDA:164,23,0,87
BRDA:164,23,1,14
BRDA:166,24,0,49
BRDA:166,24,1,52
BRDA:166,25,0,101
BRDA:166,25,1,87
BRDA:168,26,0,14
BRDA:168,26,1,38
BRDA:168,27,0,52
BRDA:168,27,1,14
BRDA:172,28,0,36
BRDA:172,28,1,65
BRDA:173,29,0,88
BRDA:173,29,1,13
BRDA:176,30,0,46
BRDA:176,30,1,42
BRDA:177,31,0,1
BRDA:177,31,1,87
BRDA:177,32,0,88
BRDA:177,32,1,43
BRDA:183,33,0,87
BRDA:183,33,1,14
BRDA:189,34,0,16
BRDA:189,34,1,30
BRDA:196,35,0,29
BRDA:196,35,1,136
BRDA:196,36,0,165
BRDA:196,36,1,89
BRDA:207,37,0,79
BRDA:207,37,1,101
BRDA:211,38,0,8
BRDA:211,38,1,93
BRDA:211,39,0,101
BRDA:211,39,1,17
BRDA:215,40,0,33
BRDA:215,40,1,60
BRDA:222,41,0,21
BRDA:222,41,1,12
BRDA:238,42,0,29
BRDA:238,42,1,17
BRF:86
BRH:86
end_of_record
